# JRE version: OpenJDK Runtime Environment Temurin-17.0.5+8 (17.0.5+8) (build 17.0.5+8)
# Java VM: OpenJDK 64-Bit Server VM Temurin-17.0.5+8 (17.0.5+8, mixed mode, emulated-client, tiered, compressed oops, compressed class ptrs, g1 gc, windows-amd64)
GC Precious Log:
 CPUs: 4 total, 4 available
 Memory: 8119M
 Large Page Support: Disabled
 NUMA Support: Disabled
 Compressed Oops: Enabled (32-bit)
 Heap Region Size: 1M
 Heap Min Capacity: 8M
 Heap Initial Capacity: 128M
 Heap Max Capacity: 2030M
 Pre-touch: Disabled
 Parallel Workers: 4
 Concurrent Workers: 1
 Concurrent Refinement Workers: 4
 Periodic GC: Disabled
Heap:
 garbage-first heap   total 277504K, used 88427K [0x0000000081200000, 0x0000000100000000)
  region size 1024K, 11 young (11264K), 11 survivors (11264K)
 Metaspace       used 39323K, committed 39680K, reserved 1089536K
  class space    used 4975K, committed 5120K, reserved 1048576K
GC Heap History (20 events):
Event: 4.565 GC heap after
{Heap after GC invocations=14 (full 0):
 garbage-first heap   total 74752K, used 35258K [0x0000000081200000, 0x0000000100000000)
  region size 1024K, 4 young (4096K), 4 survivors (4096K)
 Metaspace       used 38053K, committed 38336K, reserved 1089536K
  class space    used 4807K, committed 4928K, reserved 1048576K
}
Event: 4.623 GC heap before
{Heap before GC invocations=14 (full 0):
 garbage-first heap   total 74752K, used 54714K [0x0000000081200000, 0x0000000100000000)
  region size 1024K, 24 young (24576K), 4 survivors (4096K)
 Metaspace       used 38102K, committed 38336K, reserved 1089536K
  class space    used 4817K, committed 4928K, reserved 1048576K
}
Event: 4.633 GC heap after
{Heap after GC invocations=15 (full 0):
 garbage-first heap   total 114688K, used 41374K [0x0000000081200000, 0x0000000100000000)
  region size 1024K, 3 young (3072K), 3 survivors (3072K)
 Metaspace       used 38102K, committed 38336K, reserved 1089536K
  class space    used 4817K, committed 4928K, reserved 1048576K
}
Event: 4.836 GC heap before
{Heap before GC invocations=15 (full 0):
 garbage-first heap   total 114688K, used 81310K [0x0000000081200000, 0x0000000100000000)
  region size 1024K, 43 young (44032K), 3 survivors (3072K)
 Metaspace       used 38733K, committed 39104K, reserved 1089536K
  class space    used 4882K, committed 5056K, reserved 1048576K
}
Event: 4.857 GC heap after
{Heap after GC invocations=16 (full 0):
 garbage-first heap   total 114688K, used 52483K [0x0000000081200000, 0x0000000100000000)
  region size 1024K, 6 young (6144K), 6 survivors (6144K)
 Metaspace       used 38733K, committed 39104K, reserved 1089536K
  class space    used 4882K, committed 5056K, reserved 1048576K
}
Event: 5.180 GC heap before
{Heap before GC invocations=16 (full 0):
 garbage-first heap   total 114688K, used 82179K [0x0000000081200000, 0x0000000100000000)
  region size 1024K, 35 young (35840K), 6 survivors (6144K)
 Metaspace       used 39120K, committed 39488K, reserved 1089536K
  class space    used 4951K, committed 5120K, reserved 1048576K
}
Event: 5.201 GC heap after
{Heap after GC invocations=17 (full 0):
 garbage-first heap   total 114688K, used 62464K [0x0000000081200000, 0x0000000100000000)
  region size 1024K, 5 young (5120K), 5 survivors (5120K)
 Metaspace       used 39120K, committed 39488K, reserved 1089536K
  class space    used 4951K, committed 5120K, reserved 1048576K
}
Event: 5.212 GC heap before
{Heap before GC invocations=17 (full 0):
 garbage-first heap   total 114688K, used 64512K [0x0000000081200000, 0x0000000100000000)
  region size 1024K, 8 young (8192K), 5 survivors (5120K)
 Metaspace       used 39120K, committed 39488K, reserved 1089536K
  class space    used 4951K, committed 5120K, reserved 1048576K
}
Event: 5.221 GC heap after
{Heap after GC invocations=18 (full 0):
 garbage-first heap   total 114688K, used 65687K [0x0000000081200000, 0x0000000100000000)
  region size 1024K, 3 young (3072K), 3 survivors (3072K)
 Metaspace       used 39120K, committed 39488K, reserved 1089536K
  class space    used 4951K, committed 5120K, reserved 1048576K
}
Event: 5.283 GC heap before
{Heap before GC invocations=18 (full 0):
 garbage-first heap   total 114688K, used 82071K [0x0000000081200000, 0x0000000100000000)
  region size 1024K, 19 young (19456K), 3 survivors (3072K)
 Metaspace       used 39209K, committed 39616K, reserved 1089536K
  class space    used 4959K, committed 5120K, reserved 1048576K
}
Event: 5.307 GC heap after
{Heap after GC invocations=19 (full 0):
 garbage-first heap   total 277504K, used 71551K [0x0000000081200000, 0x0000000100000000)
  region size 1024K, 3 young (3072K), 3 survivors (3072K)
 Metaspace       used 39209K, committed 39616K, reserved 1089536K
  class space    used 4959K, committed 5120K, reserved 1048576K
}
Event: 5.442 GC heap before
{Heap before GC invocations=19 (full 0):
 garbage-first heap   total 277504K, used 158591K [0x0000000081200000, 0x0000000100000000)
  region size 1024K, 90 young (92160K), 3 survivors (3072K)
 Metaspace       used 39322K, committed 39680K, reserved 1089536K
  class space    used 4974K, committed 5120K, reserved 1048576K
}
Event: 5.451 GC heap after
{Heap after GC invocations=20 (full 0):
 garbage-first heap   total 277504K, used 74174K [0x0000000081200000, 0x0000000100000000)
  region size 1024K, 7 young (7168K), 7 survivors (7168K)
 Metaspace       used 39322K, committed 39680K, reserved 1089536K
  class space    used 4974K, committed 5120K, reserved 1048576K
}
Event: 5.550 GC heap before
{Heap before GC invocations=21 (full 0):
 garbage-first heap   total 277504K, used 198078K [0x0000000081200000, 0x0000000100000000)
  region size 1024K, 129 young (132096K), 7 survivors (7168K)
 Metaspace       used 39322K, committed 39680K, reserved 1089536K
  class space    used 4974K, committed 5120K, reserved 1048576K
}
Event: 5.563 GC heap after
{Heap after GC invocations=22 (full 0):
 garbage-first heap   total 277504K, used 78719K [0x0000000081200000, 0x0000000100000000)
  region size 1024K, 11 young (11264K), 11 survivors (11264K)
 Metaspace       used 39322K, committed 39680K, reserved 1089536K
  class space    used 4974K, committed 5120K, reserved 1048576K
}
Event: 5.565 GC heap before
{Heap before GC invocations=22 (full 0):
 garbage-first heap   total 277504K, used 79743K [0x0000000081200000, 0x0000000100000000)
  region size 1024K, 13 young (13312K), 11 survivors (11264K)
 Metaspace       used 39322K, committed 39680K, reserved 1089536K
  class space    used 4974K, committed 5120K, reserved 1048576K
}
Event: 5.574 GC heap after
{Heap after GC invocations=23 (full 0):
 garbage-first heap   total 277504K, used 79474K [0x0000000081200000, 0x0000000100000000)
  region size 1024K, 2 young (2048K), 2 survivors (2048K)
 Metaspace       used 39322K, committed 39680K, reserved 1089536K
  class space    used 4974K, committed 5120K, reserved 1048576K
}
Event: 5.649 GC heap before
{Heap before GC invocations=23 (full 0):
 garbage-first heap   total 277504K, used 205426K [0x0000000081200000, 0x0000000100000000)
  region size 1024K, 126 young (129024K), 2 survivors (2048K)
 Metaspace       used 39322K, committed 39680K, reserved 1089536K
  class space    used 4974K, committed 5120K, reserved 1048576K
}
Event: 5.653 GC heap after
{Heap after GC invocations=24 (full 0):
 garbage-first heap   total 277504K, used 83462K [0x0000000081200000, 0x0000000100000000)
  region size 1024K, 6 young (6144K), 6 survivors (6144K)
 Metaspace       used 39322K, committed 39680K, reserved 1089536K
  class space    used 4974K, committed 5120K, reserved 1048576K
}
Event: 5.730 GC heap before
{Heap before GC invocations=24 (full 0):
 garbage-first heap   total 277504K, used 211462K [0x0000000081200000, 0x0000000100000000)
  region size 1024K, 132 young (135168K), 6 survivors (6144K)
 Metaspace       used 39323K, committed 39680K, reserved 1089536K
  class space    used 4975K, committed 5120K, reserved 1048576K
}

