# JRE version: OpenJDK Runtime Environment Temurin-17.0.5+8 (17.0.5+8) (build 17.0.5+8)
# Java VM: OpenJDK 64-Bit Server VM Temurin-17.0.5+8 (17.0.5+8, mixed mode, tiered, compressed oops, compressed class ptrs, parallel gc, windows-amd64)
GC Precious Log:
 CPUs: 4 total, 4 available
 Memory: 8119M
 Large Page Support: Disabled
 NUMA Support: Disabled
 Compressed Oops: Enabled (32-bit)
 Alignments: Space 512K, Generation 512K, Heap 2M
 Heap Min Capacity: 100M
 Heap Initial Capacity: 100M
 Heap Max Capacity: 1G
 Pre-touch: Disabled
 Parallel Workers: 4
Heap:
 PSYoungGen      total 19968K, used 3919K [0x00000000eab00000, 0x00000000ec600000, 0x0000000100000000)
  eden space 18432K, 12% used [0x00000000eab00000,0x00000000ead548c8,0x00000000ebd00000)
  from space 1536K, 100% used [0x00000000ebd00000,0x00000000ebe80000,0x00000000ebe80000)
  to   space 4608K, 0% used [0x00000000ec180000,0x00000000ec180000,0x00000000ec600000)
 ParOldGen       total 68608K, used 34901K [0x00000000c0000000, 0x00000000c4300000, 0x00000000eab00000)
  object space 68608K, 50% used [0x00000000c0000000,0x00000000c22154e0,0x00000000c4300000)
 Metaspace       used 61194K, committed 62144K, reserved 1105920K
  class space    used 6416K, committed 6848K, reserved 1048576K
GC Heap History (20 events):
Event: 9.575 GC heap before
{Heap before GC invocations=23 (full 2):
 PSYoungGen      total 19968K, used 19638K [0x00000000eab00000, 0x00000000ec080000, 0x0000000100000000)
  eden space 18944K, 100% used [0x00000000eab00000,0x00000000ebd80000,0x00000000ebd80000)
  from space 1024K, 67% used [0x00000000ebf80000,0x00000000ec02da40,0x00000000ec080000)
  to   space 1024K, 0% used [0x00000000ebe80000,0x00000000ebe80000,0x00000000ebf80000)
 ParOldGen       total 68608K, used 29514K [0x00000000c0000000, 0x00000000c4300000, 0x00000000eab00000)
  object space 68608K, 43% used [0x00000000c0000000,0x00000000c1cd2868,0x00000000c4300000)
 Metaspace       used 50086K, committed 50816K, reserved 1097728K
  class space    used 5376K, committed 5696K, reserved 1048576K
}
Event: 9.580 GC heap after
{Heap after GC invocations=23 (full 2):
 PSYoungGen      total 19968K, used 1018K [0x00000000eab00000, 0x00000000ec280000, 0x0000000100000000)
  eden space 18944K, 0% used [0x00000000eab00000,0x00000000eab00000,0x00000000ebd80000)
  from space 1024K, 99% used [0x00000000ebe80000,0x00000000ebf7e968,0x00000000ebf80000)
  to   space 2560K, 0% used [0x00000000ec000000,0x00000000ec000000,0x00000000ec280000)
 ParOldGen       total 68608K, used 30439K [0x00000000c0000000, 0x00000000c4300000, 0x00000000eab00000)
  object space 68608K, 44% used [0x00000000c0000000,0x00000000c1db9fc8,0x00000000c4300000)
 Metaspace       used 50086K, committed 50816K, reserved 1097728K
  class space    used 5376K, committed 5696K, reserved 1048576K
}
Event: 9.718 GC heap before
{Heap before GC invocations=24 (full 2):
 PSYoungGen      total 19968K, used 19962K [0x00000000eab00000, 0x00000000ec280000, 0x0000000100000000)
  eden space 18944K, 100% used [0x00000000eab00000,0x00000000ebd80000,0x00000000ebd80000)
  from space 1024K, 99% used [0x00000000ebe80000,0x00000000ebf7e968,0x00000000ebf80000)
  to   space 2560K, 0% used [0x00000000ec000000,0x00000000ec000000,0x00000000ec280000)
 ParOldGen       total 68608K, used 30439K [0x00000000c0000000, 0x00000000c4300000, 0x00000000eab00000)
  object space 68608K, 44% used [0x00000000c0000000,0x00000000c1db9fc8,0x00000000c4300000)
 Metaspace       used 50116K, committed 50944K, reserved 1097728K
  class space    used 5376K, committed 5696K, reserved 1048576K
}
Event: 9.721 GC heap after
{Heap after GC invocations=24 (full 2):
 PSYoungGen      total 19968K, used 845K [0x00000000eab00000, 0x00000000ec100000, 0x0000000100000000)
  eden space 18944K, 0% used [0x00000000eab00000,0x00000000eab00000,0x00000000ebd80000)
  from space 1024K, 82% used [0x00000000ec000000,0x00000000ec0d36a0,0x00000000ec100000)
  to   space 1536K, 0% used [0x00000000ebe00000,0x00000000ebe00000,0x00000000ebf80000)
 ParOldGen       total 68608K, used 31296K [0x00000000c0000000, 0x00000000c4300000, 0x00000000eab00000)
  object space 68608K, 45% used [0x00000000c0000000,0x00000000c1e90208,0x00000000c4300000)
 Metaspace       used 50116K, committed 50944K, reserved 1097728K
  class space    used 5376K, committed 5696K, reserved 1048576K
}
Event: 10.084 GC heap before
{Heap before GC invocations=25 (full 2):
 PSYoungGen      total 19968K, used 19789K [0x00000000eab00000, 0x00000000ec100000, 0x0000000100000000)
  eden space 18944K, 100% used [0x00000000eab00000,0x00000000ebd80000,0x00000000ebd80000)
  from space 1024K, 82% used [0x00000000ec000000,0x00000000ec0d36a0,0x00000000ec100000)
  to   space 1536K, 0% used [0x00000000ebe00000,0x00000000ebe00000,0x00000000ebf80000)
 ParOldGen       total 68608K, used 31296K [0x00000000c0000000, 0x00000000c4300000, 0x00000000eab00000)
  object space 68608K, 45% used [0x00000000c0000000,0x00000000c1e90208,0x00000000c4300000)
 Metaspace       used 51790K, committed 52544K, reserved 1097728K
  class space    used 5509K, committed 5824K, reserved 1048576K
}
Event: 10.085 GC heap after
{Heap after GC invocations=25 (full 2):
 PSYoungGen      total 20480K, used 368K [0x00000000eab00000, 0x00000000ec080000, 0x0000000100000000)
  eden space 18944K, 0% used [0x00000000eab00000,0x00000000eab00000,0x00000000ebd80000)
  from space 1536K, 23% used [0x00000000ebe00000,0x00000000ebe5c010,0x00000000ebf80000)
  to   space 1024K, 0% used [0x00000000ebf80000,0x00000000ebf80000,0x00000000ec080000)
 ParOldGen       total 68608K, used 31312K [0x00000000c0000000, 0x00000000c4300000, 0x00000000eab00000)
  object space 68608K, 45% used [0x00000000c0000000,0x00000000c1e94208,0x00000000c4300000)
 Metaspace       used 51790K, committed 52544K, reserved 1097728K
  class space    used 5509K, committed 5824K, reserved 1048576K
}
Event: 10.786 GC heap before
{Heap before GC invocations=26 (full 2):
 PSYoungGen      total 20480K, used 19312K [0x00000000eab00000, 0x00000000ec080000, 0x0000000100000000)
  eden space 18944K, 100% used [0x00000000eab00000,0x00000000ebd80000,0x00000000ebd80000)
  from space 1536K, 23% used [0x00000000ebe00000,0x00000000ebe5c010,0x00000000ebf80000)
  to   space 1024K, 0% used [0x00000000ebf80000,0x00000000ebf80000,0x00000000ec080000)
 ParOldGen       total 68608K, used 31312K [0x00000000c0000000, 0x00000000c4300000, 0x00000000eab00000)
  object space 68608K, 45% used [0x00000000c0000000,0x00000000c1e94208,0x00000000c4300000)
 Metaspace       used 54138K, committed 54976K, reserved 1105920K
  class space    used 5780K, committed 6144K, reserved 1048576K
}
Event: 10.789 GC heap after
{Heap after GC invocations=26 (full 2):
 PSYoungGen      total 19968K, used 1008K [0x00000000eab00000, 0x00000000ec080000, 0x0000000100000000)
  eden space 18944K, 0% used [0x00000000eab00000,0x00000000eab00000,0x00000000ebd80000)
  from space 1024K, 98% used [0x00000000ebf80000,0x00000000ec07c010,0x00000000ec080000)
  to   space 1536K, 0% used [0x00000000ebd80000,0x00000000ebd80000,0x00000000ebf00000)
 ParOldGen       total 68608K, used 31589K [0x00000000c0000000, 0x00000000c4300000, 0x00000000eab00000)
  object space 68608K, 46% used [0x00000000c0000000,0x00000000c1ed94c8,0x00000000c4300000)
 Metaspace       used 54138K, committed 54976K, reserved 1105920K
  class space    used 5780K, committed 6144K, reserved 1048576K
}
Event: 11.632 GC heap before
{Heap before GC invocations=27 (full 2):
 PSYoungGen      total 19968K, used 19952K [0x00000000eab00000, 0x00000000ec080000, 0x0000000100000000)
  eden space 18944K, 100% used [0x00000000eab00000,0x00000000ebd80000,0x00000000ebd80000)
  from space 1024K, 98% used [0x00000000ebf80000,0x00000000ec07c010,0x00000000ec080000)
  to   space 1536K, 0% used [0x00000000ebd80000,0x00000000ebd80000,0x00000000ebf00000)
 ParOldGen       total 68608K, used 31589K [0x00000000c0000000, 0x00000000c4300000, 0x00000000eab00000)
  object space 68608K, 46% used [0x00000000c0000000,0x00000000c1ed94c8,0x00000000c4300000)
 Metaspace       used 56782K, committed 57664K, reserved 1105920K
  class space    used 6029K, committed 6400K, reserved 1048576K
}
Event: 11.637 GC heap after
{Heap after GC invocations=27 (full 2):
 PSYoungGen      total 20480K, used 1276K [0x00000000eab00000, 0x00000000ec080000, 0x0000000100000000)
  eden space 18944K, 0% used [0x00000000eab00000,0x00000000eab00000,0x00000000ebd80000)
  from space 1536K, 83% used [0x00000000ebd80000,0x00000000ebebf370,0x00000000ebf00000)
  to   space 1536K, 0% used [0x00000000ebf00000,0x00000000ebf00000,0x00000000ec080000)
 ParOldGen       total 68608K, used 32417K [0x00000000c0000000, 0x00000000c4300000, 0x00000000eab00000)
  object space 68608K, 47% used [0x00000000c0000000,0x00000000c1fa8690,0x00000000c4300000)
 Metaspace       used 56782K, committed 57664K, reserved 1105920K
  class space    used 6029K, committed 6400K, reserved 1048576K
}
Event: 11.907 GC heap before
{Heap before GC invocations=28 (full 2):
 PSYoungGen      total 20480K, used 20220K [0x00000000eab00000, 0x00000000ec080000, 0x0000000100000000)
  eden space 18944K, 100% used [0x00000000eab00000,0x00000000ebd80000,0x00000000ebd80000)
  from space 1536K, 83% used [0x00000000ebd80000,0x00000000ebebf370,0x00000000ebf00000)
  to   space 1536K, 0% used [0x00000000ebf00000,0x00000000ebf00000,0x00000000ec080000)
 ParOldGen       total 68608K, used 32417K [0x00000000c0000000, 0x00000000c4300000, 0x00000000eab00000)
  object space 68608K, 47% used [0x00000000c0000000,0x00000000c1fa8690,0x00000000c4300000)
 Metaspace       used 58393K, committed 59264K, reserved 1105920K
  class space    used 6167K, committed 6528K, reserved 1048576K
}
Event: 11.911 GC heap after
{Heap after GC invocations=28 (full 2):
 PSYoungGen      total 20480K, used 873K [0x00000000eab00000, 0x00000000ec080000, 0x0000000100000000)
  eden space 18944K, 0% used [0x00000000eab00000,0x00000000eab00000,0x00000000ebd80000)
  from space 1536K, 56% used [0x00000000ebf00000,0x00000000ebfda480,0x00000000ec080000)
  to   space 1536K, 0% used [0x00000000ebd80000,0x00000000ebd80000,0x00000000ebf00000)
 ParOldGen       total 68608K, used 33533K [0x00000000c0000000, 0x00000000c4300000, 0x00000000eab00000)
  object space 68608K, 48% used [0x00000000c0000000,0x00000000c20bf7d0,0x00000000c4300000)
 Metaspace       used 58393K, committed 59264K, reserved 1105920K
  class space    used 6167K, committed 6528K, reserved 1048576K
}
Event: 12.030 GC heap before
{Heap before GC invocations=29 (full 2):
 PSYoungGen      total 20480K, used 13346K [0x00000000eab00000, 0x00000000ec080000, 0x0000000100000000)
  eden space 18944K, 65% used [0x00000000eab00000,0x00000000eb72e580,0x00000000ebd80000)
  from space 1536K, 56% used [0x00000000ebf00000,0x00000000ebfda480,0x00000000ec080000)
  to   space 1536K, 0% used [0x00000000ebd80000,0x00000000ebd80000,0x00000000ebf00000)
 ParOldGen       total 68608K, used 33533K [0x00000000c0000000, 0x00000000c4300000, 0x00000000eab00000)
  object space 68608K, 48% used [0x00000000c0000000,0x00000000c20bf7d0,0x00000000c4300000)
 Metaspace       used 58987K, committed 59776K, reserved 1105920K
  class space    used 6209K, committed 6528K, reserved 1048576K
}
Event: 12.033 GC heap after
{Heap after GC invocations=29 (full 2):
 PSYoungGen      total 19968K, used 736K [0x00000000eab00000, 0x00000000ebf80000, 0x0000000100000000)
  eden space 18944K, 0% used [0x00000000eab00000,0x00000000eab00000,0x00000000ebd80000)
  from space 1024K, 71% used [0x00000000ebd80000,0x00000000ebe38000,0x00000000ebe80000)
  to   space 1024K, 0% used [0x00000000ebe80000,0x00000000ebe80000,0x00000000ebf80000)
 ParOldGen       total 68608K, used 34354K [0x00000000c0000000, 0x00000000c4300000, 0x00000000eab00000)
  object space 68608K, 50% used [0x00000000c0000000,0x00000000c218cb20,0x00000000c4300000)
 Metaspace       used 58987K, committed 59776K, reserved 1105920K
  class space    used 6209K, committed 6528K, reserved 1048576K
}
Event: 12.033 GC heap before
{Heap before GC invocations=30 (full 3):
 PSYoungGen      total 19968K, used 736K [0x00000000eab00000, 0x00000000ebf80000, 0x0000000100000000)
  eden space 18944K, 0% used [0x00000000eab00000,0x00000000eab00000,0x00000000ebd80000)
  from space 1024K, 71% used [0x00000000ebd80000,0x00000000ebe38000,0x00000000ebe80000)
  to   space 1024K, 0% used [0x00000000ebe80000,0x00000000ebe80000,0x00000000ebf80000)
 ParOldGen       total 68608K, used 34354K [0x00000000c0000000, 0x00000000c4300000, 0x00000000eab00000)
  object space 68608K, 50% used [0x00000000c0000000,0x00000000c218cb20,0x00000000c4300000)
 Metaspace       used 58987K, committed 59776K, reserved 1105920K
  class space    used 6209K, committed 6528K, reserved 1048576K
}
Event: 12.146 GC heap after
{Heap after GC invocations=30 (full 3):
 PSYoungGen      total 19968K, used 0K [0x00000000eab00000, 0x00000000ebf80000, 0x0000000100000000)
  eden space 18944K, 0% used [0x00000000eab00000,0x00000000eab00000,0x00000000ebd80000)
  from space 1024K, 0% used [0x00000000ebd80000,0x00000000ebd80000,0x00000000ebe80000)
  to   space 1024K, 0% used [0x00000000ebe80000,0x00000000ebe80000,0x00000000ebf80000)
 ParOldGen       total 68608K, used 32489K [0x00000000c0000000, 0x00000000c4300000, 0x00000000eab00000)
  object space 68608K, 47% used [0x00000000c0000000,0x00000000c1fba628,0x00000000c4300000)
 Metaspace       used 58987K, committed 59776K, reserved 1105920K
  class space    used 6209K, committed 6528K, reserved 1048576K
}
Event: 12.781 GC heap before
{Heap before GC invocations=31 (full 3):
 PSYoungGen      total 19968K, used 18944K [0x00000000eab00000, 0x00000000ebf80000, 0x0000000100000000)
  eden space 18944K, 100% used [0x00000000eab00000,0x00000000ebd80000,0x00000000ebd80000)
  from space 1024K, 0% used [0x00000000ebd80000,0x00000000ebd80000,0x00000000ebe80000)
  to   space 1024K, 0% used [0x00000000ebe80000,0x00000000ebe80000,0x00000000ebf80000)
 ParOldGen       total 68608K, used 32489K [0x00000000c0000000, 0x00000000c4300000, 0x00000000eab00000)
  object space 68608K, 47% used [0x00000000c0000000,0x00000000c1fba628,0x00000000c4300000)
 Metaspace       used 60395K, committed 61248K, reserved 1105920K
  class space    used 6381K, committed 6720K, reserved 1048576K
}
Event: 12.785 GC heap after
{Heap after GC invocations=31 (full 3):
 PSYoungGen      total 19456K, used 1013K [0x00000000eab00000, 0x00000000ec080000, 0x0000000100000000)
  eden space 18432K, 0% used [0x00000000eab00000,0x00000000eab00000,0x00000000ebd00000)
  from space 1024K, 98% used [0x00000000ebe80000,0x00000000ebf7d418,0x00000000ebf80000)
  to   space 1536K, 0% used [0x00000000ebd00000,0x00000000ebd00000,0x00000000ebe80000)
 ParOldGen       total 68608K, used 32725K [0x00000000c0000000, 0x00000000c4300000, 0x00000000eab00000)
  object space 68608K, 47% used [0x00000000c0000000,0x00000000c1ff5728,0x00000000c4300000)
 Metaspace       used 60395K, committed 61248K, reserved 1105920K
  class space    used 6381K, committed 6720K, reserved 1048576K
}
Event: 13.829 GC heap before
{Heap before GC invocations=32 (full 3):
 PSYoungGen      total 19456K, used 19445K [0x00000000eab00000, 0x00000000ec080000, 0x0000000100000000)
  eden space 18432K, 100% used [0x00000000eab00000,0x00000000ebd00000,0x00000000ebd00000)
  from space 1024K, 98% used [0x00000000ebe80000,0x00000000ebf7d418,0x00000000ebf80000)
  to   space 1536K, 0% used [0x00000000ebd00000,0x00000000ebd00000,0x00000000ebe80000)
 ParOldGen       total 68608K, used 32725K [0x00000000c0000000, 0x00000000c4300000, 0x00000000eab00000)
  object space 68608K, 47% used [0x00000000c0000000,0x00000000c1ff5728,0x00000000c4300000)
 Metaspace       used 61141K, committed 62144K, reserved 1105920K
  class space    used 6413K, committed 6848K, reserved 1048576K
}
Event: 13.834 GC heap after
{Heap after GC invocations=32 (full 3):
 PSYoungGen      total 19968K, used 1536K [0x00000000eab00000, 0x00000000ec600000, 0x0000000100000000)
  eden space 18432K, 0% used [0x00000000eab00000,0x00000000eab00000,0x00000000ebd00000)
  from space 1536K, 100% used [0x00000000ebd00000,0x00000000ebe80000,0x00000000ebe80000)
  to   space 4608K, 0% used [0x00000000ec180000,0x00000000ec180000,0x00000000ec600000)
 ParOldGen       total 68608K, used 34901K [0x00000000c0000000, 0x00000000c4300000, 0x00000000eab00000)
  object space 68608K, 50% used [0x00000000c0000000,0x00000000c22154e0,0x00000000c4300000)
 Metaspace       used 61141K, committed 62144K, reserved 1105920K
  class space    used 6413K, committed 6848K, reserved 1048576K
}

