# JRE version: OpenJDK Runtime Environment Temurin-17.0.5+8 (17.0.5+8) (build 17.0.5+8)
# Java VM: OpenJDK 64-Bit Server VM Temurin-17.0.5+8 (17.0.5+8, mixed mode, emulated-client, tiered, compressed oops, compressed class ptrs, g1 gc, windows-amd64)
GC Precious Log:
 CPUs: 4 total, 4 available
 Memory: 8119M
 Large Page Support: Disabled
 NUMA Support: Disabled
 Compressed Oops: Enabled (32-bit)
 Heap Region Size: 1M
 Heap Min Capacity: 8M
 Heap Initial Capacity: 128M
 Heap Max Capacity: 2030M
 Pre-touch: Disabled
 Parallel Workers: 4
 Concurrent Workers: 1
 Concurrent Refinement Workers: 4
 Periodic GC: Disabled
Heap:
 garbage-first heap   total 224256K, used 84238K [0x0000000081200000, 0x0000000100000000)
  region size 1024K, 11 young (11264K), 11 survivors (11264K)
 Metaspace       used 39341K, committed 39744K, reserved 1089536K
  class space    used 4977K, committed 5184K, reserved 1048576K
GC Heap History (20 events):
Event: 5.690 GC heap after
{Heap after GC invocations=13 (full 0):
 garbage-first heap   total 58368K, used 24457K [0x0000000081200000, 0x0000000100000000)
  region size 1024K, 1 young (1024K), 1 survivors (1024K)
 Metaspace       used 36689K, committed 36992K, reserved 1081344K
  class space    used 4713K, committed 4864K, reserved 1048576K
}
Event: 5.791 GC heap before
{Heap before GC invocations=13 (full 0):
 garbage-first heap   total 58368K, used 41865K [0x0000000081200000, 0x0000000100000000)
  region size 1024K, 19 young (19456K), 1 survivors (1024K)
 Metaspace       used 37038K, committed 37312K, reserved 1081344K
  class space    used 4748K, committed 4864K, reserved 1048576K
}
Event: 5.796 GC heap after
{Heap after GC invocations=14 (full 0):
 garbage-first heap   total 116736K, used 27582K [0x0000000081200000, 0x0000000100000000)
  region size 1024K, 3 young (3072K), 3 survivors (3072K)
 Metaspace       used 37038K, committed 37312K, reserved 1081344K
  class space    used 4748K, committed 4864K, reserved 1048576K
}
Event: 5.996 GC heap before
{Heap before GC invocations=14 (full 0):
 garbage-first heap   total 116736K, used 82877K [0x0000000081200000, 0x0000000100000000)
  region size 1024K, 58 young (59392K), 3 survivors (3072K)
 Metaspace       used 38298K, committed 38656K, reserved 1089536K
  class space    used 4839K, committed 4992K, reserved 1048576K
}
Event: 6.011 GC heap after
{Heap after GC invocations=15 (full 0):
 garbage-first heap   total 116736K, used 36798K [0x0000000081200000, 0x0000000100000000)
  region size 1024K, 8 young (8192K), 8 survivors (8192K)
 Metaspace       used 38298K, committed 38656K, reserved 1089536K
  class space    used 4839K, committed 4992K, reserved 1048576K
}
Event: 6.154 GC heap before
{Heap before GC invocations=15 (full 0):
 garbage-first heap   total 116736K, used 79806K [0x0000000081200000, 0x0000000100000000)
  region size 1024K, 50 young (51200K), 8 survivors (8192K)
 Metaspace       used 38768K, committed 39168K, reserved 1089536K
  class space    used 4890K, committed 5056K, reserved 1048576K
}
Event: 6.176 GC heap after
{Heap after GC invocations=16 (full 0):
 garbage-first heap   total 116736K, used 47870K [0x0000000081200000, 0x0000000100000000)
  region size 1024K, 7 young (7168K), 7 survivors (7168K)
 Metaspace       used 38768K, committed 39168K, reserved 1089536K
  class space    used 4890K, committed 5056K, reserved 1048576K
}
Event: 6.541 GC heap before
{Heap before GC invocations=16 (full 0):
 garbage-first heap   total 116736K, used 83710K [0x0000000081200000, 0x0000000100000000)
  region size 1024K, 41 young (41984K), 7 survivors (7168K)
 Metaspace       used 39138K, committed 39488K, reserved 1089536K
  class space    used 4954K, committed 5120K, reserved 1048576K
}
Event: 6.569 GC heap after
{Heap after GC invocations=17 (full 0):
 garbage-first heap   total 116736K, used 62882K [0x0000000081200000, 0x0000000100000000)
  region size 1024K, 6 young (6144K), 6 survivors (6144K)
 Metaspace       used 39138K, committed 39488K, reserved 1089536K
  class space    used 4954K, committed 5120K, reserved 1048576K
}
Event: 6.623 GC heap before
{Heap before GC invocations=17 (full 0):
 garbage-first heap   total 116736K, used 83362K [0x0000000081200000, 0x0000000100000000)
  region size 1024K, 27 young (27648K), 6 survivors (6144K)
 Metaspace       used 39228K, committed 39616K, reserved 1089536K
  class space    used 4964K, committed 5120K, reserved 1048576K
}
Event: 6.649 GC heap after
{Heap after GC invocations=18 (full 0):
 garbage-first heap   total 224256K, used 68030K [0x0000000081200000, 0x0000000100000000)
  region size 1024K, 4 young (4096K), 4 survivors (4096K)
 Metaspace       used 39228K, committed 39616K, reserved 1089536K
  class space    used 4964K, committed 5120K, reserved 1048576K
}
Event: 6.736 GC heap before
{Heap before GC invocations=18 (full 0):
 garbage-first heap   total 224256K, used 134590K [0x0000000081200000, 0x0000000100000000)
  region size 1024K, 70 young (71680K), 4 survivors (4096K)
 Metaspace       used 39341K, committed 39744K, reserved 1089536K
  class space    used 4977K, committed 5184K, reserved 1048576K
}
Event: 6.752 GC heap after
{Heap after GC invocations=19 (full 0):
 garbage-first heap   total 224256K, used 70999K [0x0000000081200000, 0x0000000100000000)
  region size 1024K, 7 young (7168K), 7 survivors (7168K)
 Metaspace       used 39341K, committed 39744K, reserved 1089536K
  class space    used 4977K, committed 5184K, reserved 1048576K
}
Event: 6.833 GC heap before
{Heap before GC invocations=19 (full 0):
 garbage-first heap   total 224256K, used 152919K [0x0000000081200000, 0x0000000100000000)
  region size 1024K, 88 young (90112K), 7 survivors (7168K)
 Metaspace       used 39341K, committed 39744K, reserved 1089536K
  class space    used 4977K, committed 5184K, reserved 1048576K
}
Event: 6.846 GC heap after
{Heap after GC invocations=20 (full 0):
 garbage-first heap   total 224256K, used 74754K [0x0000000081200000, 0x0000000100000000)
  region size 1024K, 7 young (7168K), 7 survivors (7168K)
 Metaspace       used 39341K, committed 39744K, reserved 1089536K
  class space    used 4977K, committed 5184K, reserved 1048576K
}
Event: 6.916 GC heap before
{Heap before GC invocations=20 (full 0):
 garbage-first heap   total 224256K, used 158722K [0x0000000081200000, 0x0000000100000000)
  region size 1024K, 91 young (93184K), 7 survivors (7168K)
 Metaspace       used 39341K, committed 39744K, reserved 1089536K
  class space    used 4977K, committed 5184K, reserved 1048576K
}
Event: 6.922 GC heap after
{Heap after GC invocations=21 (full 0):
 garbage-first heap   total 224256K, used 77087K [0x0000000081200000, 0x0000000100000000)
  region size 1024K, 10 young (10240K), 10 survivors (10240K)
 Metaspace       used 39341K, committed 39744K, reserved 1089536K
  class space    used 4977K, committed 5184K, reserved 1048576K
}
Event: 6.976 GC heap before
{Heap before GC invocations=22 (full 0):
 garbage-first heap   total 224256K, used 166175K [0x0000000081200000, 0x0000000100000000)
  region size 1024K, 98 young (100352K), 10 survivors (10240K)
 Metaspace       used 39341K, committed 39744K, reserved 1089536K
  class space    used 4977K, committed 5184K, reserved 1048576K
}
Event: 6.985 GC heap after
{Heap after GC invocations=23 (full 0):
 garbage-first heap   total 224256K, used 79944K [0x0000000081200000, 0x0000000100000000)
  region size 1024K, 7 young (7168K), 7 survivors (7168K)
 Metaspace       used 39341K, committed 39744K, reserved 1089536K
  class space    used 4977K, committed 5184K, reserved 1048576K
}
Event: 7.047 GC heap before
{Heap before GC invocations=23 (full 0):
 garbage-first heap   total 224256K, used 172104K [0x0000000081200000, 0x0000000100000000)
  region size 1024K, 99 young (101376K), 7 survivors (7168K)
 Metaspace       used 39341K, committed 39744K, reserved 1089536K
  class space    used 4977K, committed 5184K, reserved 1048576K
}

