# JRE version: OpenJDK Runtime Environment Temurin-17.0.5+8 (17.0.5+8) (build 17.0.5+8)
# Java VM: OpenJDK 64-Bit Server VM Temurin-17.0.5+8 (17.0.5+8, mixed mode, tiered, compressed oops, compressed class ptrs, parallel gc, windows-amd64)
GC Precious Log:
 CPUs: 4 total, 4 available
 Memory: 8119M
 Large Page Support: Disabled
 NUMA Support: Disabled
 Compressed Oops: Enabled (32-bit)
 Alignments: Space 512K, Generation 512K, Heap 2M
 Heap Min Capacity: 100M
 Heap Initial Capacity: 100M
 Heap Max Capacity: 1G
 Pre-touch: Disabled
 Parallel Workers: 4
Heap:
 PSYoungGen      total 22528K, used 21475K [0x00000000eab00000, 0x00000000ec800000, 0x0000000100000000)
  eden space 21504K, 95% used [0x00000000eab00000,0x00000000ebf18f08,0x00000000ec000000)
  from space 1024K, 87% used [0x00000000ec700000,0x00000000ec7e0000,0x00000000ec800000)
  to   space 1536K, 0% used [0x00000000ec500000,0x00000000ec500000,0x00000000ec680000)
 ParOldGen       total 114688K, used 74382K [0x00000000c0000000, 0x00000000c7000000, 0x00000000eab00000)
  object space 114688K, 64% used [0x00000000c0000000,0x00000000c48a38f0,0x00000000c7000000)
 Metaspace       used 66485K, committed 67520K, reserved 1114112K
  class space    used 6886K, committed 7360K, reserved 1048576K
GC Heap History (20 events):
Event: 38.605 GC heap before
{Heap before GC invocations=32 (full 3):
 PSYoungGen      total 22528K, used 21966K [0x00000000eab00000, 0x00000000ec580000, 0x0000000100000000)
  eden space 22016K, 99% used [0x00000000eab00000,0x00000000ec0739a0,0x00000000ec080000)
  from space 512K, 0% used [0x00000000ec500000,0x00000000ec500000,0x00000000ec580000)
  to   space 2048K, 0% used [0x00000000ec180000,0x00000000ec180000,0x00000000ec380000)
 ParOldGen       total 68608K, used 33459K [0x00000000c0000000, 0x00000000c4300000, 0x00000000eab00000)
  object space 68608K, 48% used [0x00000000c0000000,0x00000000c20acd88,0x00000000c4300000)
 Metaspace       used 60860K, committed 61760K, reserved 1105920K
  class space    used 6375K, committed 6784K, reserved 1048576K
}
Event: 38.607 GC heap after
{Heap after GC invocations=32 (full 3):
 PSYoungGen      total 24064K, used 1346K [0x00000000eab00000, 0x00000000ec580000, 0x0000000100000000)
  eden space 22016K, 0% used [0x00000000eab00000,0x00000000eab00000,0x00000000ec080000)
  from space 2048K, 65% used [0x00000000ec180000,0x00000000ec2d0af8,0x00000000ec380000)
  to   space 2048K, 0% used [0x00000000ec380000,0x00000000ec380000,0x00000000ec580000)
 ParOldGen       total 68608K, used 33467K [0x00000000c0000000, 0x00000000c4300000, 0x00000000eab00000)
  object space 68608K, 48% used [0x00000000c0000000,0x00000000c20aed88,0x00000000c4300000)
 Metaspace       used 60860K, committed 61760K, reserved 1105920K
  class space    used 6375K, committed 6784K, reserved 1048576K
}
Event: 40.057 GC heap before
{Heap before GC invocations=33 (full 3):
 PSYoungGen      total 24064K, used 23362K [0x00000000eab00000, 0x00000000ec580000, 0x0000000100000000)
  eden space 22016K, 100% used [0x00000000eab00000,0x00000000ec080000,0x00000000ec080000)
  from space 2048K, 65% used [0x00000000ec180000,0x00000000ec2d0af8,0x00000000ec380000)
  to   space 2048K, 0% used [0x00000000ec380000,0x00000000ec380000,0x00000000ec580000)
 ParOldGen       total 68608K, used 33467K [0x00000000c0000000, 0x00000000c4300000, 0x00000000eab00000)
  object space 68608K, 48% used [0x00000000c0000000,0x00000000c20aed88,0x00000000c4300000)
 Metaspace       used 62675K, committed 63744K, reserved 1114112K
  class space    used 6531K, committed 6976K, reserved 1048576K
}
Event: 40.060 GC heap after
{Heap after GC invocations=33 (full 3):
 PSYoungGen      total 24064K, used 1717K [0x00000000eab00000, 0x00000000ec580000, 0x0000000100000000)
  eden space 22016K, 0% used [0x00000000eab00000,0x00000000eab00000,0x00000000ec080000)
  from space 2048K, 83% used [0x00000000ec380000,0x00000000ec52d438,0x00000000ec580000)
  to   space 2048K, 0% used [0x00000000ec180000,0x00000000ec180000,0x00000000ec380000)
 ParOldGen       total 68608K, used 34690K [0x00000000c0000000, 0x00000000c4300000, 0x00000000eab00000)
  object space 68608K, 50% used [0x00000000c0000000,0x00000000c21e0ba8,0x00000000c4300000)
 Metaspace       used 62675K, committed 63744K, reserved 1114112K
  class space    used 6531K, committed 6976K, reserved 1048576K
}
Event: 42.199 GC heap before
{Heap before GC invocations=34 (full 3):
 PSYoungGen      total 24064K, used 23670K [0x00000000eab00000, 0x00000000ec580000, 0x0000000100000000)
  eden space 22016K, 99% used [0x00000000eab00000,0x00000000ec070728,0x00000000ec080000)
  from space 2048K, 83% used [0x00000000ec380000,0x00000000ec52d438,0x00000000ec580000)
  to   space 2048K, 0% used [0x00000000ec180000,0x00000000ec180000,0x00000000ec380000)
 ParOldGen       total 68608K, used 34690K [0x00000000c0000000, 0x00000000c4300000, 0x00000000eab00000)
  object space 68608K, 50% used [0x00000000c0000000,0x00000000c21e0ba8,0x00000000c4300000)
 Metaspace       used 63902K, committed 64960K, reserved 1114112K
  class space    used 6665K, committed 7168K, reserved 1048576K
}
Event: 42.204 GC heap after
{Heap after GC invocations=34 (full 3):
 PSYoungGen      total 23552K, used 1419K [0x00000000eab00000, 0x00000000ec400000, 0x0000000100000000)
  eden space 22016K, 0% used [0x00000000eab00000,0x00000000eab00000,0x00000000ec080000)
  from space 1536K, 92% used [0x00000000ec180000,0x00000000ec2e2ec8,0x00000000ec300000)
  to   space 1024K, 0% used [0x00000000ec300000,0x00000000ec300000,0x00000000ec400000)
 ParOldGen       total 68608K, used 38959K [0x00000000c0000000, 0x00000000c4300000, 0x00000000eab00000)
  object space 68608K, 56% used [0x00000000c0000000,0x00000000c260be08,0x00000000c4300000)
 Metaspace       used 63902K, committed 64960K, reserved 1114112K
  class space    used 6665K, committed 7168K, reserved 1048576K
}
Event: 42.411 GC heap before
{Heap before GC invocations=35 (full 4):
 PSYoungGen      total 23552K, used 23435K [0x00000000eab00000, 0x00000000ec400000, 0x0000000100000000)
  eden space 22016K, 100% used [0x00000000eab00000,0x00000000ec080000,0x00000000ec080000)
  from space 1536K, 92% used [0x00000000ec180000,0x00000000ec2e2ec8,0x00000000ec300000)
  to   space 1024K, 0% used [0x00000000ec300000,0x00000000ec300000,0x00000000ec400000)
 ParOldGen       total 79872K, used 76298K [0x00000000c0000000, 0x00000000c4e00000, 0x00000000eab00000)
  object space 79872K, 95% used [0x00000000c0000000,0x00000000c4a82958,0x00000000c4e00000)
 Metaspace       used 63911K, committed 64960K, reserved 1114112K
  class space    used 6666K, committed 7168K, reserved 1048576K
}
Event: 42.501 GC heap after
{Heap after GC invocations=35 (full 4):
 PSYoungGen      total 22528K, used 0K [0x00000000eab00000, 0x00000000ec380000, 0x0000000100000000)
  eden space 22016K, 0% used [0x00000000eab00000,0x00000000eab00000,0x00000000ec080000)
  from space 512K, 0% used [0x00000000ec300000,0x00000000ec300000,0x00000000ec380000)
  to   space 1536K, 0% used [0x00000000ec080000,0x00000000ec080000,0x00000000ec200000)
 ParOldGen       total 81920K, used 51793K [0x00000000c0000000, 0x00000000c5000000, 0x00000000eab00000)
  object space 81920K, 63% used [0x00000000c0000000,0x00000000c3294400,0x00000000c5000000)
 Metaspace       used 63911K, committed 64960K, reserved 1114112K
  class space    used 6666K, committed 7168K, reserved 1048576K
}
Event: 42.577 GC heap before
{Heap before GC invocations=36 (full 4):
 PSYoungGen      total 22528K, used 22016K [0x00000000eab00000, 0x00000000ec380000, 0x0000000100000000)
  eden space 22016K, 100% used [0x00000000eab00000,0x00000000ec080000,0x00000000ec080000)
  from space 512K, 0% used [0x00000000ec300000,0x00000000ec300000,0x00000000ec380000)
  to   space 1536K, 0% used [0x00000000ec080000,0x00000000ec080000,0x00000000ec200000)
 ParOldGen       total 81920K, used 51793K [0x00000000c0000000, 0x00000000c5000000, 0x00000000eab00000)
  object space 81920K, 63% used [0x00000000c0000000,0x00000000c3294400,0x00000000c5000000)
 Metaspace       used 63911K, committed 64960K, reserved 1114112K
  class space    used 6666K, committed 7168K, reserved 1048576K
}
Event: 42.593 GC heap after
{Heap after GC invocations=36 (full 4):
 PSYoungGen      total 23040K, used 1536K [0x00000000eab00000, 0x00000000ee300000, 0x0000000100000000)
  eden space 21504K, 0% used [0x00000000eab00000,0x00000000eab00000,0x00000000ec000000)
  from space 1536K, 100% used [0x00000000ec080000,0x00000000ec200000,0x00000000ec200000)
  to   space 17920K, 0% used [0x00000000ed180000,0x00000000ed180000,0x00000000ee300000)
 ParOldGen       total 81920K, used 65705K [0x00000000c0000000, 0x00000000c5000000, 0x00000000eab00000)
  object space 81920K, 80% used [0x00000000c0000000,0x00000000c402a400,0x00000000c5000000)
 Metaspace       used 63911K, committed 64960K, reserved 1114112K
  class space    used 6666K, committed 7168K, reserved 1048576K
}
Event: 42.782 GC heap before
{Heap before GC invocations=37 (full 4):
 PSYoungGen      total 23040K, used 23040K [0x00000000eab00000, 0x00000000ee300000, 0x0000000100000000)
  eden space 21504K, 100% used [0x00000000eab00000,0x00000000ec000000,0x00000000ec000000)
  from space 1536K, 100% used [0x00000000ec080000,0x00000000ec200000,0x00000000ec200000)
  to   space 17920K, 0% used [0x00000000ed180000,0x00000000ed180000,0x00000000ee300000)
 ParOldGen       total 81920K, used 65705K [0x00000000c0000000, 0x00000000c5000000, 0x00000000eab00000)
  object space 81920K, 80% used [0x00000000c0000000,0x00000000c402a400,0x00000000c5000000)
 Metaspace       used 64164K, committed 65216K, reserved 1114112K
  class space    used 6691K, committed 7168K, reserved 1048576K
}
Event: 42.797 GC heap after
{Heap after GC invocations=37 (full 4):
 PSYoungGen      total 35328K, used 13408K [0x00000000eab00000, 0x00000000edf00000, 0x0000000100000000)
  eden space 21504K, 0% used [0x00000000eab00000,0x00000000eab00000,0x00000000ec000000)
  from space 13824K, 96% used [0x00000000ed180000,0x00000000ede98000,0x00000000edf00000)
  to   space 14336K, 0% used [0x00000000ec300000,0x00000000ec300000,0x00000000ed100000)
 ParOldGen       total 81920K, used 67257K [0x00000000c0000000, 0x00000000c5000000, 0x00000000eab00000)
  object space 81920K, 82% used [0x00000000c0000000,0x00000000c41ae400,0x00000000c5000000)
 Metaspace       used 64164K, committed 65216K, reserved 1114112K
  class space    used 6691K, committed 7168K, reserved 1048576K
}
Event: 49.893 GC heap before
{Heap before GC invocations=38 (full 4):
 PSYoungGen      total 35328K, used 34912K [0x00000000eab00000, 0x00000000edf00000, 0x0000000100000000)
  eden space 21504K, 100% used [0x00000000eab00000,0x00000000ec000000,0x00000000ec000000)
  from space 13824K, 96% used [0x00000000ed180000,0x00000000ede98000,0x00000000edf00000)
  to   space 14336K, 0% used [0x00000000ec300000,0x00000000ec300000,0x00000000ed100000)
 ParOldGen       total 81920K, used 67257K [0x00000000c0000000, 0x00000000c5000000, 0x00000000eab00000)
  object space 81920K, 82% used [0x00000000c0000000,0x00000000c41ae400,0x00000000c5000000)
 Metaspace       used 64643K, committed 65728K, reserved 1114112K
  class space    used 6741K, committed 7232K, reserved 1048576K
}
Event: 49.914 GC heap after
{Heap after GC invocations=38 (full 4):
 PSYoungGen      total 28672K, used 7168K [0x00000000eab00000, 0x00000000ed300000, 0x0000000100000000)
  eden space 21504K, 0% used [0x00000000eab00000,0x00000000eab00000,0x00000000ec000000)
  from space 7168K, 100% used [0x00000000ec300000,0x00000000eca00000,0x00000000eca00000)
  to   space 9216K, 0% used [0x00000000eca00000,0x00000000eca00000,0x00000000ed300000)
 ParOldGen       total 81920K, used 80675K [0x00000000c0000000, 0x00000000c5000000, 0x00000000eab00000)
  object space 81920K, 98% used [0x00000000c0000000,0x00000000c4ec8d20,0x00000000c5000000)
 Metaspace       used 64643K, committed 65728K, reserved 1114112K
  class space    used 6741K, committed 7232K, reserved 1048576K
}
Event: 49.914 GC heap before
{Heap before GC invocations=39 (full 5):
 PSYoungGen      total 28672K, used 7168K [0x00000000eab00000, 0x00000000ed300000, 0x0000000100000000)
  eden space 21504K, 0% used [0x00000000eab00000,0x00000000eab00000,0x00000000ec000000)
  from space 7168K, 100% used [0x00000000ec300000,0x00000000eca00000,0x00000000eca00000)
  to   space 9216K, 0% used [0x00000000eca00000,0x00000000eca00000,0x00000000ed300000)
 ParOldGen       total 81920K, used 80675K [0x00000000c0000000, 0x00000000c5000000, 0x00000000eab00000)
  object space 81920K, 98% used [0x00000000c0000000,0x00000000c4ec8d20,0x00000000c5000000)
 Metaspace       used 64643K, committed 65728K, reserved 1114112K
  class space    used 6741K, committed 7232K, reserved 1048576K
}
Event: 50.102 GC heap after
{Heap after GC invocations=39 (full 5):
 PSYoungGen      total 30720K, used 0K [0x00000000eab00000, 0x00000000ed300000, 0x0000000100000000)
  eden space 21504K, 0% used [0x00000000eab00000,0x00000000eab00000,0x00000000ec000000)
  from space 9216K, 0% used [0x00000000eca00000,0x00000000eca00000,0x00000000ed300000)
  to   space 9728K, 0% used [0x00000000ec000000,0x00000000ec000000,0x00000000ec980000)
 ParOldGen       total 114688K, used 74366K [0x00000000c0000000, 0x00000000c7000000, 0x00000000eab00000)
  object space 114688K, 64% used [0x00000000c0000000,0x00000000c489f8f0,0x00000000c7000000)
 Metaspace       used 64643K, committed 65728K, reserved 1114112K
  class space    used 6741K, committed 7232K, reserved 1048576K
}
Event: 58.779 GC heap before
{Heap before GC invocations=40 (full 5):
 PSYoungGen      total 30720K, used 21502K [0x00000000eab00000, 0x00000000ed300000, 0x0000000100000000)
  eden space 21504K, 99% used [0x00000000eab00000,0x00000000ebfff8d0,0x00000000ec000000)
  from space 9216K, 0% used [0x00000000eca00000,0x00000000eca00000,0x00000000ed300000)
  to   space 9728K, 0% used [0x00000000ec000000,0x00000000ec000000,0x00000000ec980000)
 ParOldGen       total 114688K, used 74366K [0x00000000c0000000, 0x00000000c7000000, 0x00000000eab00000)
  object space 114688K, 64% used [0x00000000c0000000,0x00000000c489f8f0,0x00000000c7000000)
 Metaspace       used 64945K, committed 65984K, reserved 1114112K
  class space    used 6750K, committed 7232K, reserved 1048576K
}
Event: 58.782 GC heap after
{Heap after GC invocations=40 (full 5):
 PSYoungGen      total 22528K, used 640K [0x00000000eab00000, 0x00000000eca80000, 0x0000000100000000)
  eden space 21504K, 0% used [0x00000000eab00000,0x00000000eab00000,0x00000000ec000000)
  from space 1024K, 62% used [0x00000000ec000000,0x00000000ec0a0000,0x00000000ec100000)
  to   space 3584K, 0% used [0x00000000ec700000,0x00000000ec700000,0x00000000eca80000)
 ParOldGen       total 114688K, used 74374K [0x00000000c0000000, 0x00000000c7000000, 0x00000000eab00000)
  object space 114688K, 64% used [0x00000000c0000000,0x00000000c48a18f0,0x00000000c7000000)
 Metaspace       used 64945K, committed 65984K, reserved 1114112K
  class space    used 6750K, committed 7232K, reserved 1048576K
}
Event: 65.954 GC heap before
{Heap before GC invocations=41 (full 5):
 PSYoungGen      total 22528K, used 22144K [0x00000000eab00000, 0x00000000eca80000, 0x0000000100000000)
  eden space 21504K, 100% used [0x00000000eab00000,0x00000000ec000000,0x00000000ec000000)
  from space 1024K, 62% used [0x00000000ec000000,0x00000000ec0a0000,0x00000000ec100000)
  to   space 3584K, 0% used [0x00000000ec700000,0x00000000ec700000,0x00000000eca80000)
 ParOldGen       total 114688K, used 74374K [0x00000000c0000000, 0x00000000c7000000, 0x00000000eab00000)
  object space 114688K, 64% used [0x00000000c0000000,0x00000000c48a18f0,0x00000000c7000000)
 Metaspace       used 66218K, committed 67200K, reserved 1114112K
  class space    used 6886K, committed 7360K, reserved 1048576K
}
Event: 65.956 GC heap after
{Heap after GC invocations=41 (full 5):
 PSYoungGen      total 22528K, used 896K [0x00000000eab00000, 0x00000000ec800000, 0x0000000100000000)
  eden space 21504K, 0% used [0x00000000eab00000,0x00000000eab00000,0x00000000ec000000)
  from space 1024K, 87% used [0x00000000ec700000,0x00000000ec7e0000,0x00000000ec800000)
  to   space 1536K, 0% used [0x00000000ec500000,0x00000000ec500000,0x00000000ec680000)
 ParOldGen       total 114688K, used 74382K [0x00000000c0000000, 0x00000000c7000000, 0x00000000eab00000)
  object space 114688K, 64% used [0x00000000c0000000,0x00000000c48a38f0,0x00000000c7000000)
 Metaspace       used 66218K, committed 67200K, reserved 1114112K
  class space    used 6886K, committed 7360K, reserved 1048576K
}

