# JRE version: OpenJDK Runtime Environment Temurin-17.0.5+8 (17.0.5+8) (build 17.0.5+8)
# Java VM: OpenJDK 64-Bit Server VM Temurin-17.0.5+8 (17.0.5+8, mixed mode, emulated-client, tiered, compressed oops, compressed class ptrs, g1 gc, windows-amd64)
GC Precious Log:
 CPUs: 4 total, 4 available
 Memory: 8119M
 Large Page Support: Disabled
 NUMA Support: Disabled
 Compressed Oops: Enabled (32-bit)
 Heap Region Size: 1M
 Heap Min Capacity: 8M
 Heap Initial Capacity: 128M
 Heap Max Capacity: 2030M
 Pre-touch: Disabled
 Parallel Workers: 4
 Concurrent Workers: 1
 Concurrent Refinement Workers: 4
 Periodic GC: Disabled
Heap:
 garbage-first heap   total 286720K, used 89729K [0x0000000081200000, 0x0000000100000000)
  region size 1024K, 14 young (14336K), 14 survivors (14336K)
 Metaspace       used 39291K, committed 39616K, reserved 1089536K
  class space    used 4968K, committed 5120K, reserved 1048576K
GC Heap History (20 events):
Event: 16.264 GC heap after
{Heap after GC invocations=15 (full 0):
 garbage-first heap   total 58368K, used 31746K [0x0000000081200000, 0x0000000100000000)
  region size 1024K, 2 young (2048K), 2 survivors (2048K)
 Metaspace       used 37043K, committed 37312K, reserved 1081344K
  class space    used 4752K, committed 4864K, reserved 1048576K
}
Event: 16.330 GC heap before
{Heap before GC invocations=15 (full 0):
 garbage-first heap   total 75776K, used 43010K [0x0000000081200000, 0x0000000100000000)
  region size 1024K, 14 young (14336K), 2 survivors (2048K)
 Metaspace       used 37319K, committed 37632K, reserved 1081344K
  class space    used 4771K, committed 4928K, reserved 1048576K
}
Event: 16.336 GC heap after
{Heap after GC invocations=16 (full 0):
 garbage-first heap   total 112640K, used 33921K [0x0000000081200000, 0x0000000100000000)
  region size 1024K, 2 young (2048K), 2 survivors (2048K)
 Metaspace       used 37319K, committed 37632K, reserved 1081344K
  class space    used 4771K, committed 4928K, reserved 1048576K
}
Event: 16.503 GC heap before
{Heap before GC invocations=17 (full 0):
 garbage-first heap   total 112640K, used 76929K [0x0000000081200000, 0x0000000100000000)
  region size 1024K, 45 young (46080K), 2 survivors (2048K)
 Metaspace       used 38071K, committed 38336K, reserved 1089536K
  class space    used 4811K, committed 4928K, reserved 1048576K
}
Event: 16.516 GC heap after
{Heap after GC invocations=18 (full 0):
 garbage-first heap   total 112640K, used 43125K [0x0000000081200000, 0x0000000100000000)
  region size 1024K, 6 young (6144K), 6 survivors (6144K)
 Metaspace       used 38071K, committed 38336K, reserved 1089536K
  class space    used 4811K, committed 4928K, reserved 1048576K
}
Event: 16.521 GC heap before
{Heap before GC invocations=18 (full 0):
 garbage-first heap   total 112640K, used 44149K [0x0000000081200000, 0x0000000100000000)
  region size 1024K, 7 young (7168K), 6 survivors (6144K)
 Metaspace       used 38071K, committed 38336K, reserved 1089536K
  class space    used 4811K, committed 4928K, reserved 1048576K
}
Event: 16.528 GC heap after
{Heap after GC invocations=19 (full 0):
 garbage-first heap   total 112640K, used 44346K [0x0000000081200000, 0x0000000100000000)
  region size 1024K, 1 young (1024K), 1 survivors (1024K)
 Metaspace       used 38071K, committed 38336K, reserved 1089536K
  class space    used 4811K, committed 4928K, reserved 1048576K
}
Event: 16.806 GC heap before
{Heap before GC invocations=19 (full 0):
 garbage-first heap   total 112640K, used 78138K [0x0000000081200000, 0x0000000100000000)
  region size 1024K, 34 young (34816K), 1 survivors (1024K)
 Metaspace       used 38723K, committed 39104K, reserved 1089536K
  class space    used 4881K, committed 5056K, reserved 1048576K
}
Event: 16.822 GC heap after
{Heap after GC invocations=20 (full 0):
 garbage-first heap   total 112640K, used 54114K [0x0000000081200000, 0x0000000100000000)
  region size 1024K, 5 young (5120K), 5 survivors (5120K)
 Metaspace       used 38723K, committed 39104K, reserved 1089536K
  class space    used 4881K, committed 5056K, reserved 1048576K
}
Event: 17.089 GC heap before
{Heap before GC invocations=20 (full 0):
 garbage-first heap   total 112640K, used 81762K [0x0000000081200000, 0x0000000100000000)
  region size 1024K, 32 young (32768K), 5 survivors (5120K)
 Metaspace       used 39089K, committed 39488K, reserved 1089536K
  class space    used 4944K, committed 5120K, reserved 1048576K
}
Event: 17.109 GC heap after
{Heap after GC invocations=21 (full 0):
 garbage-first heap   total 112640K, used 64774K [0x0000000081200000, 0x0000000100000000)
  region size 1024K, 4 young (4096K), 4 survivors (4096K)
 Metaspace       used 39089K, committed 39488K, reserved 1089536K
  class space    used 4944K, committed 5120K, reserved 1048576K
}
Event: 17.116 GC heap before
{Heap before GC invocations=21 (full 0):
 garbage-first heap   total 112640K, used 65798K [0x0000000081200000, 0x0000000100000000)
  region size 1024K, 6 young (6144K), 4 survivors (4096K)
 Metaspace       used 39089K, committed 39488K, reserved 1089536K
  class space    used 4944K, committed 5120K, reserved 1048576K
}
Event: 17.131 GC heap after
{Heap after GC invocations=22 (full 0):
 garbage-first heap   total 286720K, used 66786K [0x0000000081200000, 0x0000000100000000)
  region size 1024K, 2 young (2048K), 2 survivors (2048K)
 Metaspace       used 39089K, committed 39488K, reserved 1089536K
  class space    used 4944K, committed 5120K, reserved 1048576K
}
Event: 17.274 GC heap before
{Heap before GC invocations=22 (full 0):
 garbage-first heap   total 286720K, used 165090K [0x0000000081200000, 0x0000000100000000)
  region size 1024K, 98 young (100352K), 2 survivors (2048K)
 Metaspace       used 39290K, committed 39616K, reserved 1089536K
  class space    used 4968K, committed 5120K, reserved 1048576K
}
Event: 17.295 GC heap after
{Heap after GC invocations=23 (full 0):
 garbage-first heap   total 286720K, used 75628K [0x0000000081200000, 0x0000000100000000)
  region size 1024K, 9 young (9216K), 9 survivors (9216K)
 Metaspace       used 39290K, committed 39616K, reserved 1089536K
  class space    used 4968K, committed 5120K, reserved 1048576K
}
Event: 17.363 GC heap before
{Heap before GC invocations=23 (full 0):
 garbage-first heap   total 286720K, used 180076K [0x0000000081200000, 0x0000000100000000)
  region size 1024K, 112 young (114688K), 9 survivors (9216K)
 Metaspace       used 39290K, committed 39616K, reserved 1089536K
  class space    used 4968K, committed 5120K, reserved 1048576K
}
Event: 17.380 GC heap after
{Heap after GC invocations=24 (full 0):
 garbage-first heap   total 286720K, used 80183K [0x0000000081200000, 0x0000000100000000)
  region size 1024K, 5 young (5120K), 5 survivors (5120K)
 Metaspace       used 39290K, committed 39616K, reserved 1089536K
  class space    used 4968K, committed 5120K, reserved 1048576K
}
Event: 17.456 GC heap before
{Heap before GC invocations=24 (full 0):
 garbage-first heap   total 286720K, used 203063K [0x0000000081200000, 0x0000000100000000)
  region size 1024K, 126 young (129024K), 5 survivors (5120K)
 Metaspace       used 39290K, committed 39616K, reserved 1089536K
  class space    used 4968K, committed 5120K, reserved 1048576K
}
Event: 17.463 GC heap after
{Heap after GC invocations=25 (full 0):
 garbage-first heap   total 286720K, used 84548K [0x0000000081200000, 0x0000000100000000)
  region size 1024K, 9 young (9216K), 9 survivors (9216K)
 Metaspace       used 39290K, committed 39616K, reserved 1089536K
  class space    used 4968K, committed 5120K, reserved 1048576K
}
Event: 17.548 GC heap before
{Heap before GC invocations=25 (full 0):
 garbage-first heap   total 286720K, used 213572K [0x0000000081200000, 0x0000000100000000)
  region size 1024K, 136 young (139264K), 9 survivors (9216K)
 Metaspace       used 39291K, committed 39616K, reserved 1089536K
  class space    used 4968K, committed 5120K, reserved 1048576K
}

