# JRE version: OpenJDK Runtime Environment Temurin-17.0.5+8 (17.0.5+8) (build 17.0.5+8)
# Java VM: OpenJDK 64-Bit Server VM Temurin-17.0.5+8 (17.0.5+8, mixed mode, tiered, compressed oops, compressed class ptrs, parallel gc, windows-amd64)
GC Precious Log:
 CPUs: 4 total, 4 available
 Memory: 8119M
 Large Page Support: Disabled
 NUMA Support: Disabled
 Compressed Oops: Enabled (32-bit)
 Alignments: Space 512K, Generation 512K, Heap 2M
 Heap Min Capacity: 100M
 Heap Initial Capacity: 100M
 Heap Max Capacity: 1G
 Pre-touch: Disabled
 Parallel Workers: 4
Heap:
 PSYoungGen      total 23040K, used 20446K [0x00000000eab00000, 0x00000000ec580000, 0x0000000100000000)
  eden space 22016K, 88% used [0x00000000eab00000,0x00000000ebdfb818,0x00000000ec080000)
  from space 1024K, 98% used [0x00000000ec400000,0x00000000ec4fc010,0x00000000ec500000)
  to   space 2560K, 0% used [0x00000000ec080000,0x00000000ec080000,0x00000000ec300000)
 ParOldGen       total 68608K, used 14115K [0x00000000c0000000, 0x00000000c4300000, 0x00000000eab00000)
  object space 68608K, 20% used [0x00000000c0000000,0x00000000c0dc8db8,0x00000000c4300000)
 Metaspace       used 45284K, committed 46144K, reserved 1097728K
  class space    used 4871K, committed 5248K, reserved 1048576K
GC Heap History (20 events):
Event: 5.098 GC heap before
{Heap before GC invocations=5 (full 1):
 PSYoungGen      total 29696K, used 4090K [0x00000000eab00000, 0x00000000ecc00000, 0x0000000100000000)
  eden space 25600K, 0% used [0x00000000eab00000,0x00000000eab00000,0x00000000ec400000)
  from space 4096K, 99% used [0x00000000ec800000,0x00000000ecbfeae0,0x00000000ecc00000)
  to   space 4096K, 0% used [0x00000000ec400000,0x00000000ec400000,0x00000000ec800000)
 ParOldGen       total 68608K, used 4121K [0x00000000c0000000, 0x00000000c4300000, 0x00000000eab00000)
  object space 68608K, 6% used [0x00000000c0000000,0x00000000c0406400,0x00000000c4300000)
 Metaspace       used 21045K, committed 21504K, reserved 1073152K
  class space    used 2137K, committed 2368K, reserved 1048576K
}
Event: 5.137 GC heap after
{Heap after GC invocations=5 (full 1):
 PSYoungGen      total 29696K, used 0K [0x00000000eab00000, 0x00000000ecc00000, 0x0000000100000000)
  eden space 25600K, 0% used [0x00000000eab00000,0x00000000eab00000,0x00000000ec400000)
  from space 4096K, 0% used [0x00000000ec800000,0x00000000ec800000,0x00000000ecc00000)
  to   space 4096K, 0% used [0x00000000ec400000,0x00000000ec400000,0x00000000ec800000)
 ParOldGen       total 68608K, used 7966K [0x00000000c0000000, 0x00000000c4300000, 0x00000000eab00000)
  object space 68608K, 11% used [0x00000000c0000000,0x00000000c07c7b18,0x00000000c4300000)
 Metaspace       used 21032K, committed 21504K, reserved 1073152K
  class space    used 2134K, committed 2368K, reserved 1048576K
}
Event: 5.729 GC heap before
{Heap before GC invocations=6 (full 1):
 PSYoungGen      total 29696K, used 25600K [0x00000000eab00000, 0x00000000ecc00000, 0x0000000100000000)
  eden space 25600K, 100% used [0x00000000eab00000,0x00000000ec400000,0x00000000ec400000)
  from space 4096K, 0% used [0x00000000ec800000,0x00000000ec800000,0x00000000ecc00000)
  to   space 4096K, 0% used [0x00000000ec400000,0x00000000ec400000,0x00000000ec800000)
 ParOldGen       total 68608K, used 7966K [0x00000000c0000000, 0x00000000c4300000, 0x00000000eab00000)
  object space 68608K, 11% used [0x00000000c0000000,0x00000000c07c7b18,0x00000000c4300000)
 Metaspace       used 24218K, committed 24704K, reserved 1073152K
  class space    used 2470K, committed 2688K, reserved 1048576K
}
Event: 5.732 GC heap after
{Heap after GC invocations=6 (full 1):
 PSYoungGen      total 28160K, used 2778K [0x00000000eab00000, 0x00000000eca80000, 0x0000000100000000)
  eden space 25088K, 0% used [0x00000000eab00000,0x00000000eab00000,0x00000000ec380000)
  from space 3072K, 90% used [0x00000000ec400000,0x00000000ec6b6af8,0x00000000ec700000)
  to   space 3584K, 0% used [0x00000000ec700000,0x00000000ec700000,0x00000000eca80000)
 ParOldGen       total 68608K, used 7974K [0x00000000c0000000, 0x00000000c4300000, 0x00000000eab00000)
  object space 68608K, 11% used [0x00000000c0000000,0x00000000c07c9b18,0x00000000c4300000)
 Metaspace       used 24218K, committed 24704K, reserved 1073152K
  class space    used 2470K, committed 2688K, reserved 1048576K
}
Event: 6.064 GC heap before
{Heap before GC invocations=7 (full 1):
 PSYoungGen      total 28160K, used 27866K [0x00000000eab00000, 0x00000000eca80000, 0x0000000100000000)
  eden space 25088K, 100% used [0x00000000eab00000,0x00000000ec380000,0x00000000ec380000)
  from space 3072K, 90% used [0x00000000ec400000,0x00000000ec6b6af8,0x00000000ec700000)
  to   space 3584K, 0% used [0x00000000ec700000,0x00000000ec700000,0x00000000eca80000)
 ParOldGen       total 68608K, used 7974K [0x00000000c0000000, 0x00000000c4300000, 0x00000000eab00000)
  object space 68608K, 11% used [0x00000000c0000000,0x00000000c07c9b18,0x00000000c4300000)
 Metaspace       used 27740K, committed 28224K, reserved 1081344K
  class space    used 2725K, committed 2944K, reserved 1048576K
}
Event: 6.066 GC heap after
{Heap after GC invocations=7 (full 1):
 PSYoungGen      total 26624K, used 1852K [0x00000000eab00000, 0x00000000ec900000, 0x0000000100000000)
  eden space 24576K, 0% used [0x00000000eab00000,0x00000000eab00000,0x00000000ec300000)
  from space 2048K, 90% used [0x00000000ec700000,0x00000000ec8cf318,0x00000000ec900000)
  to   space 2560K, 0% used [0x00000000ec400000,0x00000000ec400000,0x00000000ec680000)
 ParOldGen       total 68608K, used 7974K [0x00000000c0000000, 0x00000000c4300000, 0x00000000eab00000)
  object space 68608K, 11% used [0x00000000c0000000,0x00000000c07c9b18,0x00000000c4300000)
 Metaspace       used 27740K, committed 28224K, reserved 1081344K
  class space    used 2725K, committed 2944K, reserved 1048576K
}
Event: 6.704 GC heap before
{Heap before GC invocations=8 (full 1):
 PSYoungGen      total 26624K, used 26428K [0x00000000eab00000, 0x00000000ec900000, 0x0000000100000000)
  eden space 24576K, 100% used [0x00000000eab00000,0x00000000ec300000,0x00000000ec300000)
  from space 2048K, 90% used [0x00000000ec700000,0x00000000ec8cf318,0x00000000ec900000)
  to   space 2560K, 0% used [0x00000000ec400000,0x00000000ec400000,0x00000000ec680000)
 ParOldGen       total 68608K, used 7974K [0x00000000c0000000, 0x00000000c4300000, 0x00000000eab00000)
  object space 68608K, 11% used [0x00000000c0000000,0x00000000c07c9b18,0x00000000c4300000)
 Metaspace       used 30811K, committed 31424K, reserved 1081344K
  class space    used 3036K, committed 3264K, reserved 1048576K
}
Event: 6.708 GC heap after
{Heap after GC invocations=8 (full 1):
 PSYoungGen      total 26624K, used 2552K [0x00000000eab00000, 0x00000000ec980000, 0x0000000100000000)
  eden space 24064K, 0% used [0x00000000eab00000,0x00000000eab00000,0x00000000ec280000)
  from space 2560K, 99% used [0x00000000ec400000,0x00000000ec67e2e8,0x00000000ec680000)
  to   space 3072K, 0% used [0x00000000ec680000,0x00000000ec680000,0x00000000ec980000)
 ParOldGen       total 68608K, used 8506K [0x00000000c0000000, 0x00000000c4300000, 0x00000000eab00000)
  object space 68608K, 12% used [0x00000000c0000000,0x00000000c084eb78,0x00000000c4300000)
 Metaspace       used 30811K, committed 31424K, reserved 1081344K
  class space    used 3036K, committed 3264K, reserved 1048576K
}
Event: 7.148 GC heap before
{Heap before GC invocations=9 (full 1):
 PSYoungGen      total 26624K, used 26616K [0x00000000eab00000, 0x00000000ec980000, 0x0000000100000000)
  eden space 24064K, 100% used [0x00000000eab00000,0x00000000ec280000,0x00000000ec280000)
  from space 2560K, 99% used [0x00000000ec400000,0x00000000ec67e2e8,0x00000000ec680000)
  to   space 3072K, 0% used [0x00000000ec680000,0x00000000ec680000,0x00000000ec980000)
 ParOldGen       total 68608K, used 8506K [0x00000000c0000000, 0x00000000c4300000, 0x00000000eab00000)
  object space 68608K, 12% used [0x00000000c0000000,0x00000000c084eb78,0x00000000c4300000)
 Metaspace       used 34137K, committed 34816K, reserved 1081344K
  class space    used 3474K, committed 3776K, reserved 1048576K
}
Event: 7.152 GC heap after
{Heap after GC invocations=9 (full 1):
 PSYoungGen      total 26624K, used 3057K [0x00000000eab00000, 0x00000000ec980000, 0x0000000100000000)
  eden space 23552K, 0% used [0x00000000eab00000,0x00000000eab00000,0x00000000ec200000)
  from space 3072K, 99% used [0x00000000ec680000,0x00000000ec97c530,0x00000000ec980000)
  to   space 3584K, 0% used [0x00000000ec280000,0x00000000ec280000,0x00000000ec600000)
 ParOldGen       total 68608K, used 8885K [0x00000000c0000000, 0x00000000c4300000, 0x00000000eab00000)
  object space 68608K, 12% used [0x00000000c0000000,0x00000000c08ad4a8,0x00000000c4300000)
 Metaspace       used 34137K, committed 34816K, reserved 1081344K
  class space    used 3474K, committed 3776K, reserved 1048576K
}
Event: 7.298 GC heap before
{Heap before GC invocations=10 (full 1):
 PSYoungGen      total 26624K, used 9062K [0x00000000eab00000, 0x00000000ec980000, 0x0000000100000000)
  eden space 23552K, 25% used [0x00000000eab00000,0x00000000eb0dd358,0x00000000ec200000)
  from space 3072K, 99% used [0x00000000ec680000,0x00000000ec97c530,0x00000000ec980000)
  to   space 3584K, 0% used [0x00000000ec280000,0x00000000ec280000,0x00000000ec600000)
 ParOldGen       total 68608K, used 8885K [0x00000000c0000000, 0x00000000c4300000, 0x00000000eab00000)
  object space 68608K, 12% used [0x00000000c0000000,0x00000000c08ad4a8,0x00000000c4300000)
 Metaspace       used 35191K, committed 35840K, reserved 1081344K
  class space    used 3591K, committed 3904K, reserved 1048576K
}
Event: 7.302 GC heap after
{Heap after GC invocations=10 (full 1):
 PSYoungGen      total 25600K, used 1877K [0x00000000eab00000, 0x00000000ec700000, 0x0000000100000000)
  eden space 23552K, 0% used [0x00000000eab00000,0x00000000eab00000,0x00000000ec200000)
  from space 2048K, 91% used [0x00000000ec280000,0x00000000ec4554e8,0x00000000ec480000)
  to   space 2560K, 0% used [0x00000000ec480000,0x00000000ec480000,0x00000000ec700000)
 ParOldGen       total 68608K, used 10374K [0x00000000c0000000, 0x00000000c4300000, 0x00000000eab00000)
  object space 68608K, 15% used [0x00000000c0000000,0x00000000c0a21838,0x00000000c4300000)
 Metaspace       used 35191K, committed 35840K, reserved 1081344K
  class space    used 3591K, committed 3904K, reserved 1048576K
}
Event: 7.302 GC heap before
{Heap before GC invocations=11 (full 2):
 PSYoungGen      total 25600K, used 1877K [0x00000000eab00000, 0x00000000ec700000, 0x0000000100000000)
  eden space 23552K, 0% used [0x00000000eab00000,0x00000000eab00000,0x00000000ec200000)
  from space 2048K, 91% used [0x00000000ec280000,0x00000000ec4554e8,0x00000000ec480000)
  to   space 2560K, 0% used [0x00000000ec480000,0x00000000ec480000,0x00000000ec700000)
 ParOldGen       total 68608K, used 10374K [0x00000000c0000000, 0x00000000c4300000, 0x00000000eab00000)
  object space 68608K, 15% used [0x00000000c0000000,0x00000000c0a21838,0x00000000c4300000)
 Metaspace       used 35191K, committed 35840K, reserved 1081344K
  class space    used 3591K, committed 3904K, reserved 1048576K
}
Event: 7.343 GC heap after
{Heap after GC invocations=11 (full 2):
 PSYoungGen      total 25600K, used 0K [0x00000000eab00000, 0x00000000ec700000, 0x0000000100000000)
  eden space 23552K, 0% used [0x00000000eab00000,0x00000000eab00000,0x00000000ec200000)
  from space 2048K, 0% used [0x00000000ec280000,0x00000000ec280000,0x00000000ec480000)
  to   space 2560K, 0% used [0x00000000ec480000,0x00000000ec480000,0x00000000ec700000)
 ParOldGen       total 68608K, used 12033K [0x00000000c0000000, 0x00000000c4300000, 0x00000000eab00000)
  object space 68608K, 17% used [0x00000000c0000000,0x00000000c0bc06c0,0x00000000c4300000)
 Metaspace       used 35191K, committed 35840K, reserved 1081344K
  class space    used 3591K, committed 3904K, reserved 1048576K
}
Event: 7.939 GC heap before
{Heap before GC invocations=12 (full 2):
 PSYoungGen      total 25600K, used 23552K [0x00000000eab00000, 0x00000000ec700000, 0x0000000100000000)
  eden space 23552K, 100% used [0x00000000eab00000,0x00000000ec200000,0x00000000ec200000)
  from space 2048K, 0% used [0x00000000ec280000,0x00000000ec280000,0x00000000ec480000)
  to   space 2560K, 0% used [0x00000000ec480000,0x00000000ec480000,0x00000000ec700000)
 ParOldGen       total 68608K, used 12033K [0x00000000c0000000, 0x00000000c4300000, 0x00000000eab00000)
  object space 68608K, 17% used [0x00000000c0000000,0x00000000c0bc06c0,0x00000000c4300000)
 Metaspace       used 37376K, committed 38208K, reserved 1089536K
  class space    used 3885K, committed 4288K, reserved 1048576K
}
Event: 7.942 GC heap after
{Heap after GC invocations=12 (full 2):
 PSYoungGen      total 24064K, used 947K [0x00000000eab00000, 0x00000000ec580000, 0x0000000100000000)
  eden space 23040K, 0% used [0x00000000eab00000,0x00000000eab00000,0x00000000ec180000)
  from space 1024K, 92% used [0x00000000ec480000,0x00000000ec56cca0,0x00000000ec580000)
  to   space 1536K, 0% used [0x00000000ec280000,0x00000000ec280000,0x00000000ec400000)
 ParOldGen       total 68608K, used 12041K [0x00000000c0000000, 0x00000000c4300000, 0x00000000eab00000)
  object space 68608K, 17% used [0x00000000c0000000,0x00000000c0bc26c0,0x00000000c4300000)
 Metaspace       used 37376K, committed 38208K, reserved 1089536K
  class space    used 3885K, committed 4288K, reserved 1048576K
}
Event: 8.407 GC heap before
{Heap before GC invocations=13 (full 2):
 PSYoungGen      total 24064K, used 23987K [0x00000000eab00000, 0x00000000ec580000, 0x0000000100000000)
  eden space 23040K, 100% used [0x00000000eab00000,0x00000000ec180000,0x00000000ec180000)
  from space 1024K, 92% used [0x00000000ec480000,0x00000000ec56cca0,0x00000000ec580000)
  to   space 1536K, 0% used [0x00000000ec280000,0x00000000ec280000,0x00000000ec400000)
 ParOldGen       total 68608K, used 12041K [0x00000000c0000000, 0x00000000c4300000, 0x00000000eab00000)
  object space 68608K, 17% used [0x00000000c0000000,0x00000000c0bc26c0,0x00000000c4300000)
 Metaspace       used 40470K, committed 41280K, reserved 1089536K
  class space    used 4300K, committed 4672K, reserved 1048576K
}
Event: 8.411 GC heap after
{Heap after GC invocations=13 (full 2):
 PSYoungGen      total 24064K, used 1056K [0x00000000eab00000, 0x00000000ec500000, 0x0000000100000000)
  eden space 22528K, 0% used [0x00000000eab00000,0x00000000eab00000,0x00000000ec100000)
  from space 1536K, 68% used [0x00000000ec280000,0x00000000ec388000,0x00000000ec400000)
  to   space 1024K, 0% used [0x00000000ec400000,0x00000000ec400000,0x00000000ec500000)
 ParOldGen       total 68608K, used 12888K [0x00000000c0000000, 0x00000000c4300000, 0x00000000eab00000)
  object space 68608K, 18% used [0x00000000c0000000,0x00000000c0c960e8,0x00000000c4300000)
 Metaspace       used 40470K, committed 41280K, reserved 1089536K
  class space    used 4300K, committed 4672K, reserved 1048576K
}
Event: 9.333 GC heap before
{Heap before GC invocations=14 (full 2):
 PSYoungGen      total 24064K, used 23584K [0x00000000eab00000, 0x00000000ec500000, 0x0000000100000000)
  eden space 22528K, 100% used [0x00000000eab00000,0x00000000ec100000,0x00000000ec100000)
  from space 1536K, 68% used [0x00000000ec280000,0x00000000ec388000,0x00000000ec400000)
  to   space 1024K, 0% used [0x00000000ec400000,0x00000000ec400000,0x00000000ec500000)
 ParOldGen       total 68608K, used 12888K [0x00000000c0000000, 0x00000000c4300000, 0x00000000eab00000)
  object space 68608K, 18% used [0x00000000c0000000,0x00000000c0c960e8,0x00000000c4300000)
 Metaspace       used 43128K, committed 43968K, reserved 1089536K
  class space    used 4637K, committed 4992K, reserved 1048576K
}
Event: 9.339 GC heap after
{Heap after GC invocations=14 (full 2):
 PSYoungGen      total 23040K, used 1008K [0x00000000eab00000, 0x00000000ec580000, 0x0000000100000000)
  eden space 22016K, 0% used [0x00000000eab00000,0x00000000eab00000,0x00000000ec080000)
  from space 1024K, 98% used [0x00000000ec400000,0x00000000ec4fc010,0x00000000ec500000)
  to   space 2560K, 0% used [0x00000000ec080000,0x00000000ec080000,0x00000000ec300000)
 ParOldGen       total 68608K, used 14115K [0x00000000c0000000, 0x00000000c4300000, 0x00000000eab00000)
  object space 68608K, 20% used [0x00000000c0000000,0x00000000c0dc8db8,0x00000000c4300000)
 Metaspace       used 43128K, committed 43968K, reserved 1089536K
  class space    used 4637K, committed 4992K, reserved 1048576K
}

