# JRE version: OpenJDK Runtime Environment Temurin-17.0.5+8 (17.0.5+8) (build 17.0.5+8)
# Java VM: OpenJDK 64-Bit Server VM Temurin-17.0.5+8 (17.0.5+8, mixed mode, emulated-client, tiered, compressed oops, compressed class ptrs, g1 gc, windows-amd64)
GC Precious Log:
 CPUs: 4 total, 4 available
 Memory: 8119M
 Large Page Support: Disabled
 NUMA Support: Disabled
 Compressed Oops: Enabled (32-bit)
 Heap Region Size: 1M
 Heap Min Capacity: 8M
 Heap Initial Capacity: 128M
 Heap Max Capacity: 2030M
 Pre-touch: Disabled
 Parallel Workers: 4
 Concurrent Workers: 1
 Concurrent Refinement Workers: 4
 Periodic GC: Disabled
Heap:
 garbage-first heap   total 368640K, used 109056K [0x0000000081200000, 0x0000000100000000)
  region size 1024K, 16 young (16384K), 16 survivors (16384K)
 Metaspace       used 39441K, committed 39808K, reserved 1089536K
  class space    used 4997K, committed 5184K, reserved 1048576K
GC Heap History (20 events):
Event: 19.909 GC heap after
{Heap after GC invocations=18 (full 0):
 garbage-first heap   total 92160K, used 42546K [0x0000000081200000, 0x0000000100000000)
  region size 1024K, 5 young (5120K), 5 survivors (5120K)
 Metaspace       used 38226K, committed 38592K, reserved 1089536K
  class space    used 4840K, committed 4992K, reserved 1048576K
}
Event: 20.161 GC heap before
{Heap before GC invocations=18 (full 0):
 garbage-first heap   total 92160K, used 68146K [0x0000000081200000, 0x0000000100000000)
  region size 1024K, 30 young (30720K), 5 survivors (5120K)
 Metaspace       used 38813K, committed 39104K, reserved 1089536K
  class space    used 4899K, committed 5056K, reserved 1048576K
}
Event: 20.179 GC heap after
{Heap after GC invocations=19 (full 0):
 garbage-first heap   total 92160K, used 50176K [0x0000000081200000, 0x0000000100000000)
  region size 1024K, 4 young (4096K), 4 survivors (4096K)
 Metaspace       used 38813K, committed 39104K, reserved 1089536K
  class space    used 4899K, committed 5056K, reserved 1048576K
}
Event: 20.573 GC heap before
{Heap before GC invocations=19 (full 0):
 garbage-first heap   total 92160K, used 65536K [0x0000000081200000, 0x0000000100000000)
  region size 1024K, 20 young (20480K), 4 survivors (4096K)
 Metaspace       used 39221K, committed 39552K, reserved 1089536K
  class space    used 4970K, committed 5120K, reserved 1048576K
}
Event: 20.587 GC heap after
{Heap after GC invocations=20 (full 0):
 garbage-first heap   total 184320K, used 53947K [0x0000000081200000, 0x0000000100000000)
  region size 1024K, 3 young (3072K), 3 survivors (3072K)
 Metaspace       used 39221K, committed 39552K, reserved 1089536K
  class space    used 4970K, committed 5120K, reserved 1048576K
}
Event: 20.929 GC heap before
{Heap before GC invocations=20 (full 0):
 garbage-first heap   total 184320K, used 130747K [0x0000000081200000, 0x0000000100000000)
  region size 1024K, 77 young (78848K), 3 survivors (3072K)
 Metaspace       used 39424K, committed 39808K, reserved 1089536K
  class space    used 4994K, committed 5184K, reserved 1048576K
}
Event: 20.963 GC heap after
{Heap after GC invocations=21 (full 0):
 garbage-first heap   total 184320K, used 70357K [0x0000000081200000, 0x0000000100000000)
  region size 1024K, 10 young (10240K), 10 survivors (10240K)
 Metaspace       used 39424K, committed 39808K, reserved 1089536K
  class space    used 4994K, committed 5184K, reserved 1048576K
}
Event: 21.005 GC heap before
{Heap before GC invocations=21 (full 0):
 garbage-first heap   total 184320K, used 128725K [0x0000000081200000, 0x0000000100000000)
  region size 1024K, 68 young (69632K), 10 survivors (10240K)
 Metaspace       used 39441K, committed 39808K, reserved 1089536K
  class space    used 4997K, committed 5184K, reserved 1048576K
}
Event: 21.016 GC heap after
{Heap after GC invocations=22 (full 0):
 garbage-first heap   total 184320K, used 74764K [0x0000000081200000, 0x0000000100000000)
  region size 1024K, 4 young (4096K), 4 survivors (4096K)
 Metaspace       used 39441K, committed 39808K, reserved 1089536K
  class space    used 4997K, committed 5184K, reserved 1048576K
}
Event: 21.058 GC heap before
{Heap before GC invocations=22 (full 0):
 garbage-first heap   total 184320K, used 133132K [0x0000000081200000, 0x0000000100000000)
  region size 1024K, 62 young (63488K), 4 survivors (4096K)
 Metaspace       used 39441K, committed 39808K, reserved 1089536K
  class space    used 4997K, committed 5184K, reserved 1048576K
}
Event: 21.062 GC heap after
{Heap after GC invocations=23 (full 0):
 garbage-first heap   total 184320K, used 76345K [0x0000000081200000, 0x0000000100000000)
  region size 1024K, 5 young (5120K), 5 survivors (5120K)
 Metaspace       used 39441K, committed 39808K, reserved 1089536K
  class space    used 4997K, committed 5184K, reserved 1048576K
}
Event: 21.103 GC heap before
{Heap before GC invocations=23 (full 0):
 garbage-first heap   total 184320K, used 138809K [0x0000000081200000, 0x0000000100000000)
  region size 1024K, 68 young (69632K), 5 survivors (5120K)
 Metaspace       used 39441K, committed 39808K, reserved 1089536K
  class space    used 4997K, committed 5184K, reserved 1048576K
}
Event: 21.111 GC heap after
{Heap after GC invocations=24 (full 0):
 garbage-first heap   total 368640K, used 78722K [0x0000000081200000, 0x0000000100000000)
  region size 1024K, 5 young (5120K), 5 survivors (5120K)
 Metaspace       used 39441K, committed 39808K, reserved 1089536K
  class space    used 4997K, committed 5184K, reserved 1048576K
}
Event: 21.274 GC heap before
{Heap before GC invocations=24 (full 0):
 garbage-first heap   total 368640K, used 234370K [0x0000000081200000, 0x0000000100000000)
  region size 1024K, 158 young (161792K), 5 survivors (5120K)
 Metaspace       used 39441K, committed 39808K, reserved 1089536K
  class space    used 4997K, committed 5184K, reserved 1048576K
}
Event: 21.287 GC heap after
{Heap after GC invocations=25 (full 0):
 garbage-first heap   total 368640K, used 84992K [0x0000000081200000, 0x0000000100000000)
  region size 1024K, 11 young (11264K), 11 survivors (11264K)
 Metaspace       used 39441K, committed 39808K, reserved 1089536K
  class space    used 4997K, committed 5184K, reserved 1048576K
}
Event: 21.448 GC heap before
{Heap before GC invocations=25 (full 0):
 garbage-first heap   total 368640K, used 286720K [0x0000000081200000, 0x0000000100000000)
  region size 1024K, 209 young (214016K), 11 survivors (11264K)
 Metaspace       used 39441K, committed 39808K, reserved 1089536K
  class space    used 4997K, committed 5184K, reserved 1048576K
}
Event: 21.460 GC heap after
{Heap after GC invocations=26 (full 0):
 garbage-first heap   total 368640K, used 93090K [0x0000000081200000, 0x0000000100000000)
  region size 1024K, 19 young (19456K), 19 survivors (19456K)
 Metaspace       used 39441K, committed 39808K, reserved 1089536K
  class space    used 4997K, committed 5184K, reserved 1048576K
}
Event: 21.605 GC heap before
{Heap before GC invocations=26 (full 0):
 garbage-first heap   total 368640K, used 291746K [0x0000000081200000, 0x0000000100000000)
  region size 1024K, 214 young (219136K), 19 survivors (19456K)
 Metaspace       used 39441K, committed 39808K, reserved 1089536K
  class space    used 4997K, committed 5184K, reserved 1048576K
}
Event: 21.622 GC heap after
{Heap after GC invocations=27 (full 0):
 garbage-first heap   total 368640K, used 101518K [0x0000000081200000, 0x0000000100000000)
  region size 1024K, 17 young (17408K), 17 survivors (17408K)
 Metaspace       used 39441K, committed 39808K, reserved 1089536K
  class space    used 4997K, committed 5184K, reserved 1048576K
}
Event: 21.764 GC heap before
{Heap before GC invocations=27 (full 0):
 garbage-first heap   total 368640K, used 296078K [0x0000000081200000, 0x0000000100000000)
  region size 1024K, 208 young (212992K), 17 survivors (17408K)
 Metaspace       used 39441K, committed 39808K, reserved 1089536K
  class space    used 4997K, committed 5184K, reserved 1048576K
}

