# JRE version: OpenJDK Runtime Environment Temurin-17.0.5+8 (17.0.5+8) (build 17.0.5+8)
# Java VM: OpenJDK 64-Bit Server VM Temurin-17.0.5+8 (17.0.5+8, mixed mode, emulated-client, tiered, compressed oops, compressed class ptrs, g1 gc, windows-amd64)
GC Precious Log:
 CPUs: 4 total, 4 available
 Memory: 8119M
 Large Page Support: Disabled
 NUMA Support: Disabled
 Compressed Oops: Enabled (32-bit)
 Heap Region Size: 1M
 Heap Min Capacity: 8M
 Heap Initial Capacity: 128M
 Heap Max Capacity: 2030M
 Pre-touch: Disabled
 Parallel Workers: 4
 Concurrent Workers: 1
 Concurrent Refinement Workers: 4
 Periodic GC: Disabled
Heap:
 garbage-first heap   total 348160K, used 104633K [0x0000000081200000, 0x0000000100000000)
  region size 1024K, 15 young (15360K), 15 survivors (15360K)
 Metaspace       used 39320K, committed 39680K, reserved 1089536K
  class space    used 4974K, committed 5120K, reserved 1048576K
GC Heap History (20 events):
Event: 4.709 GC heap after
{Heap after GC invocations=15 (full 0):
 garbage-first heap   total 87040K, used 41854K [0x0000000081200000, 0x0000000100000000)
  region size 1024K, 4 young (4096K), 4 survivors (4096K)
 Metaspace       used 38146K, committed 38464K, reserved 1089536K
  class space    used 4820K, committed 4928K, reserved 1048576K
}
Event: 4.904 GC heap before
{Heap before GC invocations=15 (full 0):
 garbage-first heap   total 87040K, used 65406K [0x0000000081200000, 0x0000000100000000)
  region size 1024K, 27 young (27648K), 4 survivors (4096K)
 Metaspace       used 38753K, committed 39104K, reserved 1089536K
  class space    used 4886K, committed 5056K, reserved 1048576K
}
Event: 4.921 GC heap after
{Heap after GC invocations=16 (full 0):
 garbage-first heap   total 87040K, used 49926K [0x0000000081200000, 0x0000000100000000)
  region size 1024K, 4 young (4096K), 4 survivors (4096K)
 Metaspace       used 38753K, committed 39104K, reserved 1089536K
  class space    used 4886K, committed 5056K, reserved 1048576K
}
Event: 5.233 GC heap before
{Heap before GC invocations=16 (full 0):
 garbage-first heap   total 87040K, used 62214K [0x0000000081200000, 0x0000000100000000)
  region size 1024K, 18 young (18432K), 4 survivors (4096K)
 Metaspace       used 39116K, committed 39488K, reserved 1089536K
  class space    used 4949K, committed 5120K, reserved 1048576K
}
Event: 5.245 GC heap after
{Heap after GC invocations=17 (full 0):
 garbage-first heap   total 174080K, used 53517K [0x0000000081200000, 0x0000000100000000)
  region size 1024K, 3 young (3072K), 3 survivors (3072K)
 Metaspace       used 39116K, committed 39488K, reserved 1089536K
  class space    used 4949K, committed 5120K, reserved 1048576K
}
Event: 5.480 GC heap before
{Heap before GC invocations=17 (full 0):
 garbage-first heap   total 174080K, used 121101K [0x0000000081200000, 0x0000000100000000)
  region size 1024K, 68 young (69632K), 3 survivors (3072K)
 Metaspace       used 39239K, committed 39616K, reserved 1089536K
  class space    used 4967K, committed 5120K, reserved 1048576K
}
Event: 5.512 GC heap after
{Heap after GC invocations=18 (full 0):
 garbage-first heap   total 174080K, used 69848K [0x0000000081200000, 0x0000000100000000)
  region size 1024K, 9 young (9216K), 9 survivors (9216K)
 Metaspace       used 39239K, committed 39616K, reserved 1089536K
  class space    used 4967K, committed 5120K, reserved 1048576K
}
Event: 5.553 GC heap before
{Heap before GC invocations=18 (full 0):
 garbage-first heap   total 174080K, used 120024K [0x0000000081200000, 0x0000000100000000)
  region size 1024K, 59 young (60416K), 9 survivors (9216K)
 Metaspace       used 39320K, committed 39680K, reserved 1089536K
  class space    used 4973K, committed 5120K, reserved 1048576K
}
Event: 5.564 GC heap after
{Heap after GC invocations=19 (full 0):
 garbage-first heap   total 174080K, used 73309K [0x0000000081200000, 0x0000000100000000)
  region size 1024K, 3 young (3072K), 3 survivors (3072K)
 Metaspace       used 39320K, committed 39680K, reserved 1089536K
  class space    used 4973K, committed 5120K, reserved 1048576K
}
Event: 5.597 GC heap before
{Heap before GC invocations=19 (full 0):
 garbage-first heap   total 174080K, used 124509K [0x0000000081200000, 0x0000000100000000)
  region size 1024K, 55 young (56320K), 3 survivors (3072K)
 Metaspace       used 39320K, committed 39680K, reserved 1089536K
  class space    used 4973K, committed 5120K, reserved 1048576K
}
Event: 5.600 GC heap after
{Heap after GC invocations=20 (full 0):
 garbage-first heap   total 174080K, used 74674K [0x0000000081200000, 0x0000000100000000)
  region size 1024K, 5 young (5120K), 5 survivors (5120K)
 Metaspace       used 39320K, committed 39680K, reserved 1089536K
  class space    used 4973K, committed 5120K, reserved 1048576K
}
Event: 5.634 GC heap before
{Heap before GC invocations=20 (full 0):
 garbage-first heap   total 174080K, used 127922K [0x0000000081200000, 0x0000000100000000)
  region size 1024K, 58 young (59392K), 5 survivors (5120K)
 Metaspace       used 39320K, committed 39680K, reserved 1089536K
  class space    used 4973K, committed 5120K, reserved 1048576K
}
Event: 5.640 GC heap after
{Heap after GC invocations=21 (full 0):
 garbage-first heap   total 348160K, used 76966K [0x0000000081200000, 0x0000000100000000)
  region size 1024K, 7 young (7168K), 7 survivors (7168K)
 Metaspace       used 39320K, committed 39680K, reserved 1089536K
  class space    used 4973K, committed 5120K, reserved 1048576K
}
Event: 5.754 GC heap before
{Heap before GC invocations=21 (full 0):
 garbage-first heap   total 348160K, used 218278K [0x0000000081200000, 0x0000000100000000)
  region size 1024K, 147 young (150528K), 7 survivors (7168K)
 Metaspace       used 39320K, committed 39680K, reserved 1089536K
  class space    used 4973K, committed 5120K, reserved 1048576K
}
Event: 5.764 GC heap after
{Heap after GC invocations=22 (full 0):
 garbage-first heap   total 348160K, used 82525K [0x0000000081200000, 0x0000000100000000)
  region size 1024K, 12 young (12288K), 12 survivors (12288K)
 Metaspace       used 39320K, committed 39680K, reserved 1089536K
  class space    used 4973K, committed 5120K, reserved 1048576K
}
Event: 5.879 GC heap before
{Heap before GC invocations=22 (full 0):
 garbage-first heap   total 348160K, used 265821K [0x0000000081200000, 0x0000000100000000)
  region size 1024K, 193 young (197632K), 12 survivors (12288K)
 Metaspace       used 39320K, committed 39680K, reserved 1089536K
  class space    used 4974K, committed 5120K, reserved 1048576K
}
Event: 5.891 GC heap after
{Heap after GC invocations=23 (full 0):
 garbage-first heap   total 348160K, used 89670K [0x0000000081200000, 0x0000000100000000)
  region size 1024K, 19 young (19456K), 19 survivors (19456K)
 Metaspace       used 39320K, committed 39680K, reserved 1089536K
  class space    used 4974K, committed 5120K, reserved 1048576K
}
Event: 6.006 GC heap before
{Heap before GC invocations=23 (full 0):
 garbage-first heap   total 348160K, used 272966K [0x0000000081200000, 0x0000000100000000)
  region size 1024K, 199 young (203776K), 19 survivors (19456K)
 Metaspace       used 39320K, committed 39680K, reserved 1089536K
  class space    used 4974K, committed 5120K, reserved 1048576K
}
Event: 6.021 GC heap after
{Heap after GC invocations=24 (full 0):
 garbage-first heap   total 348160K, used 97342K [0x0000000081200000, 0x0000000100000000)
  region size 1024K, 21 young (21504K), 21 survivors (21504K)
 Metaspace       used 39320K, committed 39680K, reserved 1089536K
  class space    used 4974K, committed 5120K, reserved 1048576K
}
Event: 6.135 GC heap before
{Heap before GC invocations=24 (full 0):
 garbage-first heap   total 348160K, used 278590K [0x0000000081200000, 0x0000000100000000)
  region size 1024K, 199 young (203776K), 21 survivors (21504K)
 Metaspace       used 39320K, committed 39680K, reserved 1089536K
  class space    used 4974K, committed 5120K, reserved 1048576K
}

