# JRE version: OpenJDK Runtime Environment Temurin-17.0.5+8 (17.0.5+8) (build 17.0.5+8)
# Java VM: OpenJDK 64-Bit Server VM Temurin-17.0.5+8 (17.0.5+8, mixed mode, emulated-client, tiered, compressed oops, compressed class ptrs, g1 gc, windows-amd64)
GC Precious Log:
 CPUs: 4 total, 4 available
 Memory: 8119M
 Large Page Support: Disabled
 NUMA Support: Disabled
 Compressed Oops: Enabled (32-bit)
 Heap Region Size: 1M
 Heap Min Capacity: 8M
 Heap Initial Capacity: 128M
 Heap Max Capacity: 2030M
 Pre-touch: Disabled
 Parallel Workers: 4
 Concurrent Workers: 1
 Concurrent Refinement Workers: 4
 Periodic GC: Disabled
Heap:
 garbage-first heap   total 212992K, used 87621K [0x0000000081200000, 0x0000000100000000)
  region size 1024K, 8 young (8192K), 8 survivors (8192K)
 Metaspace       used 39332K, committed 39680K, reserved 1089536K
  class space    used 4978K, committed 5120K, reserved 1048576K
GC Heap History (20 events):
Event: 5.151 GC heap after
{Heap after GC invocations=14 (full 0):
 garbage-first heap   total 75776K, used 35824K [0x0000000081200000, 0x0000000100000000)
  region size 1024K, 4 young (4096K), 4 survivors (4096K)
 Metaspace       used 37884K, committed 38144K, reserved 1089536K
  class space    used 4803K, committed 4928K, reserved 1048576K
}
Event: 5.241 GC heap before
{Heap before GC invocations=14 (full 0):
 garbage-first heap   total 75776K, used 55280K [0x0000000081200000, 0x0000000100000000)
  region size 1024K, 24 young (24576K), 4 survivors (4096K)
 Metaspace       used 38118K, committed 38400K, reserved 1089536K
  class space    used 4819K, committed 4928K, reserved 1048576K
}
Event: 5.256 GC heap after
{Heap after GC invocations=15 (full 0):
 garbage-first heap   total 106496K, used 41062K [0x0000000081200000, 0x0000000100000000)
  region size 1024K, 3 young (3072K), 3 survivors (3072K)
 Metaspace       used 38118K, committed 38400K, reserved 1089536K
  class space    used 4819K, committed 4928K, reserved 1048576K
}
Event: 5.656 GC heap before
{Heap before GC invocations=15 (full 0):
 garbage-first heap   total 106496K, used 76902K [0x0000000081200000, 0x0000000100000000)
  region size 1024K, 39 young (39936K), 3 survivors (3072K)
 Metaspace       used 38781K, committed 39168K, reserved 1089536K
  class space    used 4892K, committed 5056K, reserved 1048576K
}
Event: 5.675 GC heap after
{Heap after GC invocations=16 (full 0):
 garbage-first heap   total 106496K, used 51545K [0x0000000081200000, 0x0000000100000000)
  region size 1024K, 5 young (5120K), 5 survivors (5120K)
 Metaspace       used 38781K, committed 39168K, reserved 1089536K
  class space    used 4892K, committed 5056K, reserved 1048576K
}
Event: 6.177 GC heap before
{Heap before GC invocations=16 (full 0):
 garbage-first heap   total 106496K, used 77145K [0x0000000081200000, 0x0000000100000000)
  region size 1024K, 31 young (31744K), 5 survivors (5120K)
 Metaspace       used 39137K, committed 39488K, reserved 1089536K
  class space    used 4954K, committed 5120K, reserved 1048576K
}
Event: 6.199 GC heap after
{Heap after GC invocations=17 (full 0):
 garbage-first heap   total 106496K, used 63176K [0x0000000081200000, 0x0000000100000000)
  region size 1024K, 4 young (4096K), 4 survivors (4096K)
 Metaspace       used 39137K, committed 39488K, reserved 1089536K
  class space    used 4954K, committed 5120K, reserved 1048576K
}
Event: 6.319 GC heap before
{Heap before GC invocations=17 (full 0):
 garbage-first heap   total 106496K, used 79560K [0x0000000081200000, 0x0000000100000000)
  region size 1024K, 20 young (20480K), 4 survivors (4096K)
 Metaspace       used 39225K, committed 39616K, reserved 1089536K
  class space    used 4963K, committed 5120K, reserved 1048576K
}
Event: 6.342 GC heap after
{Heap after GC invocations=18 (full 0):
 garbage-first heap   total 106496K, used 70255K [0x0000000081200000, 0x0000000100000000)
  region size 1024K, 3 young (3072K), 3 survivors (3072K)
 Metaspace       used 39225K, committed 39616K, reserved 1089536K
  class space    used 4963K, committed 5120K, reserved 1048576K
}
Event: 6.375 GC heap before
{Heap before GC invocations=18 (full 0):
 garbage-first heap   total 106496K, used 81519K [0x0000000081200000, 0x0000000100000000)
  region size 1024K, 15 young (15360K), 3 survivors (3072K)
 Metaspace       used 39226K, committed 39616K, reserved 1089536K
  class space    used 4963K, committed 5120K, reserved 1048576K
}
Event: 6.384 GC heap after
{Heap after GC invocations=19 (full 0):
 garbage-first heap   total 212992K, used 71160K [0x0000000081200000, 0x0000000100000000)
  region size 1024K, 1 young (1024K), 1 survivors (1024K)
 Metaspace       used 39226K, committed 39616K, reserved 1089536K
  class space    used 4963K, committed 5120K, reserved 1048576K
}
Event: 6.503 GC heap before
{Heap before GC invocations=20 (full 0):
 garbage-first heap   total 212992K, used 141816K [0x0000000081200000, 0x0000000100000000)
  region size 1024K, 72 young (73728K), 1 survivors (1024K)
 Metaspace       used 39331K, committed 39680K, reserved 1089536K
  class space    used 4977K, committed 5120K, reserved 1048576K
}
Event: 6.508 GC heap after
{Heap after GC invocations=21 (full 0):
 garbage-first heap   total 212992K, used 72746K [0x0000000081200000, 0x0000000100000000)
  region size 1024K, 4 young (4096K), 4 survivors (4096K)
 Metaspace       used 39331K, committed 39680K, reserved 1089536K
  class space    used 4977K, committed 5120K, reserved 1048576K
}
Event: 6.590 GC heap before
{Heap before GC invocations=21 (full 0):
 garbage-first heap   total 212992K, used 157738K [0x0000000081200000, 0x0000000100000000)
  region size 1024K, 89 young (91136K), 4 survivors (4096K)
 Metaspace       used 39331K, committed 39680K, reserved 1089536K
  class space    used 4977K, committed 5120K, reserved 1048576K
}
Event: 6.598 GC heap after
{Heap after GC invocations=22 (full 0):
 garbage-first heap   total 212992K, used 76279K [0x0000000081200000, 0x0000000100000000)
  region size 1024K, 7 young (7168K), 7 survivors (7168K)
 Metaspace       used 39331K, committed 39680K, reserved 1089536K
  class space    used 4977K, committed 5120K, reserved 1048576K
}
Event: 6.662 GC heap before
{Heap before GC invocations=22 (full 0):
 garbage-first heap   total 212992K, used 163319K [0x0000000081200000, 0x0000000100000000)
  region size 1024K, 93 young (95232K), 7 survivors (7168K)
 Metaspace       used 39331K, committed 39680K, reserved 1089536K
  class space    used 4977K, committed 5120K, reserved 1048576K
}
Event: 6.670 GC heap after
{Heap after GC invocations=23 (full 0):
 garbage-first heap   total 212992K, used 79786K [0x0000000081200000, 0x0000000100000000)
  region size 1024K, 7 young (7168K), 7 survivors (7168K)
 Metaspace       used 39331K, committed 39680K, reserved 1089536K
  class space    used 4977K, committed 5120K, reserved 1048576K
}
Event: 6.731 GC heap before
{Heap before GC invocations=23 (full 0):
 garbage-first heap   total 212992K, used 166826K [0x0000000081200000, 0x0000000100000000)
  region size 1024K, 93 young (95232K), 7 survivors (7168K)
 Metaspace       used 39331K, committed 39680K, reserved 1089536K
  class space    used 4977K, committed 5120K, reserved 1048576K
}
Event: 6.737 GC heap after
{Heap after GC invocations=24 (full 0):
 garbage-first heap   total 212992K, used 83485K [0x0000000081200000, 0x0000000100000000)
  region size 1024K, 7 young (7168K), 7 survivors (7168K)
 Metaspace       used 39331K, committed 39680K, reserved 1089536K
  class space    used 4977K, committed 5120K, reserved 1048576K
}
Event: 6.802 GC heap before
{Heap before GC invocations=24 (full 0):
 garbage-first heap   total 212992K, used 170525K [0x0000000081200000, 0x0000000100000000)
  region size 1024K, 93 young (95232K), 7 survivors (7168K)
 Metaspace       used 39332K, committed 39680K, reserved 1089536K
  class space    used 4978K, committed 5120K, reserved 1048576K
}

