# JRE version: OpenJDK Runtime Environment Temurin-17.0.5+8 (17.0.5+8) (build 17.0.5+8)
# Java VM: OpenJDK 64-Bit Server VM Temurin-17.0.5+8 (17.0.5+8, mixed mode, emulated-client, tiered, compressed oops, compressed class ptrs, g1 gc, windows-amd64)
GC Precious Log:
 CPUs: 4 total, 4 available
 Memory: 8119M
 Large Page Support: Disabled
 NUMA Support: Disabled
 Compressed Oops: Enabled (32-bit)
 Heap Region Size: 1M
 Heap Min Capacity: 8M
 Heap Initial Capacity: 128M
 Heap Max Capacity: 2030M
 Pre-touch: Disabled
 Parallel Workers: 4
 Concurrent Workers: 1
 Concurrent Refinement Workers: 4
 Periodic GC: Disabled
Heap:
 garbage-first heap   total 419840K, used 116224K [0x0000000081200000, 0x0000000100000000)
  region size 1024K, 18 young (18432K), 18 survivors (18432K)
 Metaspace       used 39308K, committed 39744K, reserved 1089536K
  class space    used 4975K, committed 5184K, reserved 1048576K
GC Heap History (20 events):
Event: 4.856 GC heap after
{Heap after GC invocations=16 (full 0):
 garbage-first heap   total 75776K, used 38444K [0x0000000081200000, 0x0000000100000000)
  region size 1024K, 4 young (4096K), 4 survivors (4096K)
 Metaspace       used 38242K, committed 38528K, reserved 1089536K
  class space    used 4828K, committed 4928K, reserved 1048576K
}
Event: 4.911 GC heap before
{Heap before GC invocations=16 (full 0):
 garbage-first heap   total 75776K, used 55852K [0x0000000081200000, 0x0000000100000000)
  region size 1024K, 22 young (22528K), 4 survivors (4096K)
 Metaspace       used 38721K, committed 39104K, reserved 1089536K
  class space    used 4882K, committed 5056K, reserved 1048576K
}
Event: 4.922 GC heap after
{Heap after GC invocations=17 (full 0):
 garbage-first heap   total 197632K, used 41876K [0x0000000081200000, 0x0000000100000000)
  region size 1024K, 3 young (3072K), 3 survivors (3072K)
 Metaspace       used 38721K, committed 39104K, reserved 1089536K
  class space    used 4882K, committed 5056K, reserved 1048576K
}
Event: 5.601 GC heap before
{Heap before GC invocations=18 (full 0):
 garbage-first heap   total 197632K, used 130964K [0x0000000081200000, 0x0000000100000000)
  region size 1024K, 89 young (91136K), 3 survivors (3072K)
 Metaspace       used 39216K, committed 39616K, reserved 1089536K
  class space    used 4967K, committed 5120K, reserved 1048576K
}
Event: 5.649 GC heap after
{Heap after GC invocations=19 (full 0):
 garbage-first heap   total 197632K, used 67973K [0x0000000081200000, 0x0000000100000000)
  region size 1024K, 12 young (12288K), 12 survivors (12288K)
 Metaspace       used 39216K, committed 39616K, reserved 1089536K
  class space    used 4967K, committed 5120K, reserved 1048576K
}
Event: 5.687 GC heap before
{Heap before GC invocations=19 (full 0):
 garbage-first heap   total 197632K, used 118149K [0x0000000081200000, 0x0000000100000000)
  region size 1024K, 62 young (63488K), 12 survivors (12288K)
 Metaspace       used 39307K, committed 39744K, reserved 1089536K
  class space    used 4975K, committed 5184K, reserved 1048576K
}
Event: 5.704 GC heap after
{Heap after GC invocations=20 (full 0):
 garbage-first heap   total 197632K, used 72256K [0x0000000081200000, 0x0000000100000000)
  region size 1024K, 3 young (3072K), 3 survivors (3072K)
 Metaspace       used 39307K, committed 39744K, reserved 1089536K
  class space    used 4975K, committed 5184K, reserved 1048576K
}
Event: 5.743 GC heap before
{Heap before GC invocations=20 (full 0):
 garbage-first heap   total 197632K, used 127552K [0x0000000081200000, 0x0000000100000000)
  region size 1024K, 58 young (59392K), 3 survivors (3072K)
 Metaspace       used 39307K, committed 39744K, reserved 1089536K
  class space    used 4975K, committed 5184K, reserved 1048576K
}
Event: 5.747 GC heap after
{Heap after GC invocations=21 (full 0):
 garbage-first heap   total 197632K, used 74074K [0x0000000081200000, 0x0000000100000000)
  region size 1024K, 5 young (5120K), 5 survivors (5120K)
 Metaspace       used 39307K, committed 39744K, reserved 1089536K
  class space    used 4975K, committed 5184K, reserved 1048576K
}
Event: 5.788 GC heap before
{Heap before GC invocations=21 (full 0):
 garbage-first heap   total 197632K, used 139610K [0x0000000081200000, 0x0000000100000000)
  region size 1024K, 70 young (71680K), 5 survivors (5120K)
 Metaspace       used 39307K, committed 39744K, reserved 1089536K
  class space    used 4975K, committed 5184K, reserved 1048576K
}
Event: 5.793 GC heap after
{Heap after GC invocations=22 (full 0):
 garbage-first heap   total 197632K, used 76352K [0x0000000081200000, 0x0000000100000000)
  region size 1024K, 7 young (7168K), 7 survivors (7168K)
 Metaspace       used 39307K, committed 39744K, reserved 1089536K
  class space    used 4975K, committed 5184K, reserved 1048576K
}
Event: 5.835 GC heap before
{Heap before GC invocations=22 (full 0):
 garbage-first heap   total 197632K, used 144960K [0x0000000081200000, 0x0000000100000000)
  region size 1024K, 75 young (76800K), 7 survivors (7168K)
 Metaspace       used 39307K, committed 39744K, reserved 1089536K
  class space    used 4975K, committed 5184K, reserved 1048576K
}
Event: 5.843 GC heap after
{Heap after GC invocations=23 (full 0):
 garbage-first heap   total 419840K, used 79075K [0x0000000081200000, 0x0000000100000000)
  region size 1024K, 8 young (8192K), 8 survivors (8192K)
 Metaspace       used 39307K, committed 39744K, reserved 1089536K
  class space    used 4975K, committed 5184K, reserved 1048576K
}
Event: 6.043 GC heap before
{Heap before GC invocations=23 (full 0):
 garbage-first heap   total 419840K, used 305379K [0x0000000081200000, 0x0000000100000000)
  region size 1024K, 230 young (235520K), 8 survivors (8192K)
 Metaspace       used 39308K, committed 39744K, reserved 1089536K
  class space    used 4975K, committed 5184K, reserved 1048576K
}
Event: 6.055 GC heap after
{Heap after GC invocations=24 (full 0):
 garbage-first heap   total 419840K, used 88358K [0x0000000081200000, 0x0000000100000000)
  region size 1024K, 17 young (17408K), 17 survivors (17408K)
 Metaspace       used 39308K, committed 39744K, reserved 1089536K
  class space    used 4975K, committed 5184K, reserved 1048576K
}
Event: 6.237 GC heap before
{Heap before GC invocations=24 (full 0):
 garbage-first heap   total 419840K, used 321830K [0x0000000081200000, 0x0000000100000000)
  region size 1024K, 246 young (251904K), 17 survivors (17408K)
 Metaspace       used 39308K, committed 39744K, reserved 1089536K
  class space    used 4975K, committed 5184K, reserved 1048576K
}
Event: 6.253 GC heap after
{Heap after GC invocations=25 (full 0):
 garbage-first heap   total 419840K, used 98674K [0x0000000081200000, 0x0000000100000000)
  region size 1024K, 25 young (25600K), 25 survivors (25600K)
 Metaspace       used 39308K, committed 39744K, reserved 1089536K
  class space    used 4975K, committed 5184K, reserved 1048576K
}
Event: 6.392 GC heap before
{Heap before GC invocations=25 (full 0):
 garbage-first heap   total 419840K, used 323954K [0x0000000081200000, 0x0000000100000000)
  region size 1024K, 247 young (252928K), 25 survivors (25600K)
 Metaspace       used 39308K, committed 39744K, reserved 1089536K
  class space    used 4975K, committed 5184K, reserved 1048576K
}
Event: 6.414 GC heap after
{Heap after GC invocations=26 (full 0):
 garbage-first heap   total 419840K, used 106053K [0x0000000081200000, 0x0000000100000000)
  region size 1024K, 18 young (18432K), 18 survivors (18432K)
 Metaspace       used 39308K, committed 39744K, reserved 1089536K
  class space    used 4975K, committed 5184K, reserved 1048576K
}
Event: 6.562 GC heap before
{Heap before GC invocations=26 (full 0):
 garbage-first heap   total 419840K, used 337477K [0x0000000081200000, 0x0000000100000000)
  region size 1024K, 245 young (250880K), 18 survivors (18432K)
 Metaspace       used 39308K, committed 39744K, reserved 1089536K
  class space    used 4975K, committed 5184K, reserved 1048576K
}

