# JRE version: OpenJDK Runtime Environment Temurin-17.0.5+8 (17.0.5+8) (build 17.0.5+8)
# Java VM: OpenJDK 64-Bit Server VM Temurin-17.0.5+8 (17.0.5+8, mixed mode, tiered, compressed oops, compressed class ptrs, parallel gc, windows-amd64)
GC Precious Log:
 CPUs: 4 total, 4 available
 Memory: 8119M
 Large Page Support: Disabled
 NUMA Support: Disabled
 Compressed Oops: Enabled (32-bit)
 Alignments: Space 512K, Generation 512K, Heap 2M
 Heap Min Capacity: 100M
 Heap Initial Capacity: 100M
 Heap Max Capacity: 1G
 Pre-touch: Disabled
 Parallel Workers: 4
Heap:
 PSYoungGen      total 23040K, used 12950K [0x00000000eab00000, 0x00000000ec480000, 0x0000000100000000)
  eden space 20992K, 52% used [0x00000000eab00000,0x00000000eb5cd738,0x00000000ebf80000)
  from space 2048K, 92% used [0x00000000ec280000,0x00000000ec4582e0,0x00000000ec480000)
  to   space 2048K, 0% used [0x00000000ec080000,0x00000000ec080000,0x00000000ec280000)
 ParOldGen       total 68608K, used 32532K [0x00000000c0000000, 0x00000000c4300000, 0x00000000eab00000)
  object space 68608K, 47% used [0x00000000c0000000,0x00000000c1fc50c8,0x00000000c4300000)
 Metaspace       used 61797K, committed 62720K, reserved 1105920K
  class space    used 6467K, committed 6848K, reserved 1048576K
GC Heap History (20 events):
Event: 7.378 GC heap before
{Heap before GC invocations=20 (full 2):
 PSYoungGen      total 25088K, used 24672K [0x00000000eab00000, 0x00000000ec680000, 0x0000000100000000)
  eden space 22016K, 100% used [0x00000000eab00000,0x00000000ec080000,0x00000000ec080000)
  from space 3072K, 86% used [0x00000000ec100000,0x00000000ec398010,0x00000000ec400000)
  to   space 2560K, 0% used [0x00000000ec400000,0x00000000ec400000,0x00000000ec680000)
 ParOldGen       total 68608K, used 24312K [0x00000000c0000000, 0x00000000c4300000, 0x00000000eab00000)
  object space 68608K, 35% used [0x00000000c0000000,0x00000000c17be1b8,0x00000000c4300000)
 Metaspace       used 46285K, committed 47104K, reserved 1097728K
  class space    used 4963K, committed 5376K, reserved 1048576K
}
Event: 7.385 GC heap after
{Heap after GC invocations=20 (full 2):
 PSYoungGen      total 24576K, used 2560K [0x00000000eab00000, 0x00000000ec680000, 0x0000000100000000)
  eden space 22016K, 0% used [0x00000000eab00000,0x00000000eab00000,0x00000000ec080000)
  from space 2560K, 100% used [0x00000000ec400000,0x00000000ec680000,0x00000000ec680000)
  to   space 3072K, 0% used [0x00000000ec080000,0x00000000ec080000,0x00000000ec380000)
 ParOldGen       total 68608K, used 26936K [0x00000000c0000000, 0x00000000c4300000, 0x00000000eab00000)
  object space 68608K, 39% used [0x00000000c0000000,0x00000000c1a4e1c8,0x00000000c4300000)
 Metaspace       used 46285K, committed 47104K, reserved 1097728K
  class space    used 4963K, committed 5376K, reserved 1048576K
}
Event: 8.002 GC heap before
{Heap before GC invocations=21 (full 2):
 PSYoungGen      total 24576K, used 24576K [0x00000000eab00000, 0x00000000ec680000, 0x0000000100000000)
  eden space 22016K, 100% used [0x00000000eab00000,0x00000000ec080000,0x00000000ec080000)
  from space 2560K, 100% used [0x00000000ec400000,0x00000000ec680000,0x00000000ec680000)
  to   space 3072K, 0% used [0x00000000ec080000,0x00000000ec080000,0x00000000ec380000)
 ParOldGen       total 68608K, used 26936K [0x00000000c0000000, 0x00000000c4300000, 0x00000000eab00000)
  object space 68608K, 39% used [0x00000000c0000000,0x00000000c1a4e1c8,0x00000000c4300000)
 Metaspace       used 48348K, committed 49152K, reserved 1097728K
  class space    used 5185K, committed 5568K, reserved 1048576K
}
Event: 8.006 GC heap after
{Heap after GC invocations=21 (full 2):
 PSYoungGen      total 23040K, used 566K [0x00000000eab00000, 0x00000000ec480000, 0x0000000100000000)
  eden space 22016K, 0% used [0x00000000eab00000,0x00000000eab00000,0x00000000ec080000)
  from space 1024K, 55% used [0x00000000ec080000,0x00000000ec10da20,0x00000000ec180000)
  to   space 1536K, 0% used [0x00000000ec300000,0x00000000ec300000,0x00000000ec480000)
 ParOldGen       total 68608K, used 29427K [0x00000000c0000000, 0x00000000c4300000, 0x00000000eab00000)
  object space 68608K, 42% used [0x00000000c0000000,0x00000000c1cbcda0,0x00000000c4300000)
 Metaspace       used 48348K, committed 49152K, reserved 1097728K
  class space    used 5185K, committed 5568K, reserved 1048576K
}
Event: 8.618 GC heap before
{Heap before GC invocations=22 (full 2):
 PSYoungGen      total 23040K, used 22582K [0x00000000eab00000, 0x00000000ec480000, 0x0000000100000000)
  eden space 22016K, 100% used [0x00000000eab00000,0x00000000ec080000,0x00000000ec080000)
  from space 1024K, 55% used [0x00000000ec080000,0x00000000ec10da20,0x00000000ec180000)
  to   space 1536K, 0% used [0x00000000ec300000,0x00000000ec300000,0x00000000ec480000)
 ParOldGen       total 68608K, used 29427K [0x00000000c0000000, 0x00000000c4300000, 0x00000000eab00000)
  object space 68608K, 42% used [0x00000000c0000000,0x00000000c1cbcda0,0x00000000c4300000)
 Metaspace       used 49462K, committed 50240K, reserved 1097728K
  class space    used 5319K, committed 5696K, reserved 1048576K
}
Event: 8.621 GC heap after
{Heap after GC invocations=22 (full 2):
 PSYoungGen      total 22528K, used 320K [0x00000000eab00000, 0x00000000ec380000, 0x0000000100000000)
  eden space 22016K, 0% used [0x00000000eab00000,0x00000000eab00000,0x00000000ec080000)
  from space 512K, 62% used [0x00000000ec300000,0x00000000ec350000,0x00000000ec380000)
  to   space 1024K, 0% used [0x00000000ec180000,0x00000000ec180000,0x00000000ec280000)
 ParOldGen       total 68608K, used 29985K [0x00000000c0000000, 0x00000000c4300000, 0x00000000eab00000)
  object space 68608K, 43% used [0x00000000c0000000,0x00000000c1d484c8,0x00000000c4300000)
 Metaspace       used 49462K, committed 50240K, reserved 1097728K
  class space    used 5319K, committed 5696K, reserved 1048576K
}
Event: 8.921 GC heap before
{Heap before GC invocations=23 (full 2):
 PSYoungGen      total 22528K, used 22336K [0x00000000eab00000, 0x00000000ec380000, 0x0000000100000000)
  eden space 22016K, 100% used [0x00000000eab00000,0x00000000ec080000,0x00000000ec080000)
  from space 512K, 62% used [0x00000000ec300000,0x00000000ec350000,0x00000000ec380000)
  to   space 1024K, 0% used [0x00000000ec180000,0x00000000ec180000,0x00000000ec280000)
 ParOldGen       total 68608K, used 29985K [0x00000000c0000000, 0x00000000c4300000, 0x00000000eab00000)
  object space 68608K, 43% used [0x00000000c0000000,0x00000000c1d484c8,0x00000000c4300000)
 Metaspace       used 50090K, committed 50880K, reserved 1097728K
  class space    used 5363K, committed 5760K, reserved 1048576K
}
Event: 8.924 GC heap after
{Heap after GC invocations=23 (full 2):
 PSYoungGen      total 23040K, used 1007K [0x00000000eab00000, 0x00000000ec480000, 0x0000000100000000)
  eden space 22016K, 0% used [0x00000000eab00000,0x00000000eab00000,0x00000000ec080000)
  from space 1024K, 98% used [0x00000000ec180000,0x00000000ec27bda0,0x00000000ec280000)
  to   space 2048K, 0% used [0x00000000ec280000,0x00000000ec280000,0x00000000ec480000)
 ParOldGen       total 68608K, used 30415K [0x00000000c0000000, 0x00000000c4300000, 0x00000000eab00000)
  object space 68608K, 44% used [0x00000000c0000000,0x00000000c1db3f30,0x00000000c4300000)
 Metaspace       used 50090K, committed 50880K, reserved 1097728K
  class space    used 5363K, committed 5760K, reserved 1048576K
}
Event: 9.272 GC heap before
{Heap before GC invocations=24 (full 2):
 PSYoungGen      total 23040K, used 23023K [0x00000000eab00000, 0x00000000ec480000, 0x0000000100000000)
  eden space 22016K, 100% used [0x00000000eab00000,0x00000000ec080000,0x00000000ec080000)
  from space 1024K, 98% used [0x00000000ec180000,0x00000000ec27bda0,0x00000000ec280000)
  to   space 2048K, 0% used [0x00000000ec280000,0x00000000ec280000,0x00000000ec480000)
 ParOldGen       total 68608K, used 30415K [0x00000000c0000000, 0x00000000c4300000, 0x00000000eab00000)
  object space 68608K, 44% used [0x00000000c0000000,0x00000000c1db3f30,0x00000000c4300000)
 Metaspace       used 51810K, committed 52672K, reserved 1097728K
  class space    used 5503K, committed 5888K, reserved 1048576K
}
Event: 9.274 GC heap after
{Heap after GC invocations=24 (full 2):
 PSYoungGen      total 22528K, used 464K [0x00000000eab00000, 0x00000000ec300000, 0x0000000100000000)
  eden space 22016K, 0% used [0x00000000eab00000,0x00000000eab00000,0x00000000ec080000)
  from space 512K, 90% used [0x00000000ec280000,0x00000000ec2f4010,0x00000000ec300000)
  to   space 1024K, 0% used [0x00000000ec100000,0x00000000ec100000,0x00000000ec200000)
 ParOldGen       total 68608K, used 30799K [0x00000000c0000000, 0x00000000c4300000, 0x00000000eab00000)
  object space 68608K, 44% used [0x00000000c0000000,0x00000000c1e13ff0,0x00000000c4300000)
 Metaspace       used 51810K, committed 52672K, reserved 1097728K
  class space    used 5503K, committed 5888K, reserved 1048576K
}
Event: 9.671 GC heap before
{Heap before GC invocations=25 (full 2):
 PSYoungGen      total 22528K, used 22480K [0x00000000eab00000, 0x00000000ec300000, 0x0000000100000000)
  eden space 22016K, 100% used [0x00000000eab00000,0x00000000ec080000,0x00000000ec080000)
  from space 512K, 90% used [0x00000000ec280000,0x00000000ec2f4010,0x00000000ec300000)
  to   space 1024K, 0% used [0x00000000ec100000,0x00000000ec100000,0x00000000ec200000)
 ParOldGen       total 68608K, used 30799K [0x00000000c0000000, 0x00000000c4300000, 0x00000000eab00000)
  object space 68608K, 44% used [0x00000000c0000000,0x00000000c1e13ff0,0x00000000c4300000)
 Metaspace       used 53052K, committed 53824K, reserved 1097728K
  class space    used 5611K, committed 5952K, reserved 1048576K
}
Event: 9.674 GC heap after
{Heap after GC invocations=25 (full 2):
 PSYoungGen      total 23040K, used 729K [0x00000000eab00000, 0x00000000ec300000, 0x0000000100000000)
  eden space 22016K, 0% used [0x00000000eab00000,0x00000000eab00000,0x00000000ec080000)
  from space 1024K, 71% used [0x00000000ec100000,0x00000000ec1b6470,0x00000000ec200000)
  to   space 1024K, 0% used [0x00000000ec200000,0x00000000ec200000,0x00000000ec300000)
 ParOldGen       total 68608K, used 31068K [0x00000000c0000000, 0x00000000c4300000, 0x00000000eab00000)
  object space 68608K, 45% used [0x00000000c0000000,0x00000000c1e572b0,0x00000000c4300000)
 Metaspace       used 53052K, committed 53824K, reserved 1097728K
  class space    used 5611K, committed 5952K, reserved 1048576K
}
Event: 10.537 GC heap before
{Heap before GC invocations=26 (full 2):
 PSYoungGen      total 23040K, used 22745K [0x00000000eab00000, 0x00000000ec300000, 0x0000000100000000)
  eden space 22016K, 100% used [0x00000000eab00000,0x00000000ec080000,0x00000000ec080000)
  from space 1024K, 71% used [0x00000000ec100000,0x00000000ec1b6470,0x00000000ec200000)
  to   space 1024K, 0% used [0x00000000ec200000,0x00000000ec200000,0x00000000ec300000)
 ParOldGen       total 68608K, used 31068K [0x00000000c0000000, 0x00000000c4300000, 0x00000000eab00000)
  object space 68608K, 45% used [0x00000000c0000000,0x00000000c1e572b0,0x00000000c4300000)
 Metaspace       used 56430K, committed 57216K, reserved 1105920K
  class space    used 5985K, committed 6336K, reserved 1048576K
}
Event: 10.540 GC heap after
{Heap after GC invocations=26 (full 2):
 PSYoungGen      total 22016K, used 992K [0x00000000eab00000, 0x00000000ec580000, 0x0000000100000000)
  eden space 20992K, 0% used [0x00000000eab00000,0x00000000eab00000,0x00000000ebf80000)
  from space 1024K, 96% used [0x00000000ec200000,0x00000000ec2f8100,0x00000000ec300000)
  to   space 2560K, 0% used [0x00000000ebf80000,0x00000000ebf80000,0x00000000ec200000)
 ParOldGen       total 68608K, used 32225K [0x00000000c0000000, 0x00000000c4300000, 0x00000000eab00000)
  object space 68608K, 46% used [0x00000000c0000000,0x00000000c1f78620,0x00000000c4300000)
 Metaspace       used 56430K, committed 57216K, reserved 1105920K
  class space    used 5985K, committed 6336K, reserved 1048576K
}
Event: 11.183 GC heap before
{Heap before GC invocations=27 (full 2):
 PSYoungGen      total 22016K, used 21952K [0x00000000eab00000, 0x00000000ec580000, 0x0000000100000000)
  eden space 20992K, 99% used [0x00000000eab00000,0x00000000ebf78020,0x00000000ebf80000)
  from space 1024K, 96% used [0x00000000ec200000,0x00000000ec2f8100,0x00000000ec300000)
  to   space 2560K, 0% used [0x00000000ebf80000,0x00000000ebf80000,0x00000000ec200000)
 ParOldGen       total 68608K, used 32225K [0x00000000c0000000, 0x00000000c4300000, 0x00000000eab00000)
  object space 68608K, 46% used [0x00000000c0000000,0x00000000c1f78620,0x00000000c4300000)
 Metaspace       used 58865K, committed 59776K, reserved 1105920K
  class space    used 6189K, committed 6592K, reserved 1048576K
}
Event: 11.188 GC heap after
{Heap after GC invocations=27 (full 2):
 PSYoungGen      total 23552K, used 1482K [0x00000000eab00000, 0x00000000ec480000, 0x0000000100000000)
  eden space 20992K, 0% used [0x00000000eab00000,0x00000000eab00000,0x00000000ebf80000)
  from space 2560K, 57% used [0x00000000ebf80000,0x00000000ec0f29b0,0x00000000ec200000)
  to   space 2048K, 0% used [0x00000000ec280000,0x00000000ec280000,0x00000000ec480000)
 ParOldGen       total 68608K, used 33202K [0x00000000c0000000, 0x00000000c4300000, 0x00000000eab00000)
  object space 68608K, 48% used [0x00000000c0000000,0x00000000c206cb90,0x00000000c4300000)
 Metaspace       used 58865K, committed 59776K, reserved 1105920K
  class space    used 6189K, committed 6592K, reserved 1048576K
}
Event: 11.188 GC heap before
{Heap before GC invocations=28 (full 3):
 PSYoungGen      total 23552K, used 1482K [0x00000000eab00000, 0x00000000ec480000, 0x0000000100000000)
  eden space 20992K, 0% used [0x00000000eab00000,0x00000000eab00000,0x00000000ebf80000)
  from space 2560K, 57% used [0x00000000ebf80000,0x00000000ec0f29b0,0x00000000ec200000)
  to   space 2048K, 0% used [0x00000000ec280000,0x00000000ec280000,0x00000000ec480000)
 ParOldGen       total 68608K, used 33202K [0x00000000c0000000, 0x00000000c4300000, 0x00000000eab00000)
  object space 68608K, 48% used [0x00000000c0000000,0x00000000c206cb90,0x00000000c4300000)
 Metaspace       used 58865K, committed 59776K, reserved 1105920K
  class space    used 6189K, committed 6592K, reserved 1048576K
}
Event: 11.297 GC heap after
{Heap after GC invocations=28 (full 3):
 PSYoungGen      total 23552K, used 0K [0x00000000eab00000, 0x00000000ec480000, 0x0000000100000000)
  eden space 20992K, 0% used [0x00000000eab00000,0x00000000eab00000,0x00000000ebf80000)
  from space 2560K, 0% used [0x00000000ebf80000,0x00000000ebf80000,0x00000000ec200000)
  to   space 2048K, 0% used [0x00000000ec280000,0x00000000ec280000,0x00000000ec480000)
 ParOldGen       total 68608K, used 32524K [0x00000000c0000000, 0x00000000c4300000, 0x00000000eab00000)
  object space 68608K, 47% used [0x00000000c0000000,0x00000000c1fc30c8,0x00000000c4300000)
 Metaspace       used 58865K, committed 59776K, reserved 1105920K
  class space    used 6189K, committed 6592K, reserved 1048576K
}
Event: 13.094 GC heap before
{Heap before GC invocations=29 (full 3):
 PSYoungGen      total 23552K, used 20992K [0x00000000eab00000, 0x00000000ec480000, 0x0000000100000000)
  eden space 20992K, 100% used [0x00000000eab00000,0x00000000ebf80000,0x00000000ebf80000)
  from space 2560K, 0% used [0x00000000ebf80000,0x00000000ebf80000,0x00000000ec200000)
  to   space 2048K, 0% used [0x00000000ec280000,0x00000000ec280000,0x00000000ec480000)
 ParOldGen       total 68608K, used 32524K [0x00000000c0000000, 0x00000000c4300000, 0x00000000eab00000)
  object space 68608K, 47% used [0x00000000c0000000,0x00000000c1fc30c8,0x00000000c4300000)
 Metaspace       used 61085K, committed 61952K, reserved 1105920K
  class space    used 6425K, committed 6784K, reserved 1048576K
}
Event: 13.097 GC heap after
{Heap after GC invocations=29 (full 3):
 PSYoungGen      total 23040K, used 1888K [0x00000000eab00000, 0x00000000ec480000, 0x0000000100000000)
  eden space 20992K, 0% used [0x00000000eab00000,0x00000000eab00000,0x00000000ebf80000)
  from space 2048K, 92% used [0x00000000ec280000,0x00000000ec4582e0,0x00000000ec480000)
  to   space 2048K, 0% used [0x00000000ec080000,0x00000000ec080000,0x00000000ec280000)
 ParOldGen       total 68608K, used 32532K [0x00000000c0000000, 0x00000000c4300000, 0x00000000eab00000)
  object space 68608K, 47% used [0x00000000c0000000,0x00000000c1fc50c8,0x00000000c4300000)
 Metaspace       used 61085K, committed 61952K, reserved 1105920K
  class space    used 6425K, committed 6784K, reserved 1048576K
}

